08:24:14.627 | [Content]: 服务器开始启动监听数据...
08:24:14.845 | [Action]: QUERY_STATE_HIPOT
08:24:14.845 | [OK]: STATE_HIPOT_OK_1;0009255613;yh;0;16;1CB8A71501,1CB8A71502,1CB8A71503,1CB8A71504,1CB8A71505,1CB8A71506,1CB8A71507,1CB8A71508,1CB8A71509,1CB8A71510,1CB8A71511,1CB8A71512,1CB8A71513,1CB8A71514,1CB8A71515,1CB8A71516
08:24:15.360 | [Action]: QUERY_STATE_HIPOT
08:24:15.360 | [OK]: STATE_HIPOT_OK_1;0009255613;yh;0;16;1CB8A71501,1CB8A71502,1CB8A71503,1CB8A71504,1CB8A71505,1CB8A71506,1CB8A71507,1CB8A71508,1CB8A71509,1CB8A71510,1CB8A71511,1CB8A71512,1CB8A71513,1CB8A71514,1CB8A71515,1CB8A71516
08:24:15.890 | [Action]: QUERY_STATE_HIPOT
08:24:15.890 | [OK]: STATE_HIPOT_OK_1;0009255613;yh;0;16;1CB8A71501,1CB8A71502,1CB8A71503,1CB8A71504,1CB8A71505,1CB8A71506,1CB8A71507,1CB8A71508,1CB8A71509,1CB8A71510,1CB8A71511,1CB8A71512,1CB8A71513,1CB8A71514,1CB8A71515,1CB8A71516
08:24:16.421 | [Action]: QUERY_STATE_HIPOT
08:24:16.421 | [OK]: STATE_HIPOT_OK_1;0009255613;yh;0;16;1CB8A71501,1CB8A71502,1CB8A71503,1CB8A71504,1CB8A71505,1CB8A71506,1CB8A71507,1CB8A71508,1CB8A71509,1CB8A71510,1CB8A71511,1CB8A71512,1CB8A71513,1CB8A71514,1CB8A71515,1CB8A71516
08:24:16.951 | [Action]: QUERY_STATE_HIPOT
08:24:16.951 | [OK]: STATE_HIPOT_OK_1;0009255613;yh;0;16;1CB8A71501,1CB8A71502,1CB8A71503,1CB8A71504,1CB8A71505,1CB8A71506,1CB8A71507,1CB8A71508,1CB8A71509,1CB8A71510,1CB8A71511,1CB8A71512,1CB8A71513,1CB8A71514,1CB8A71515,1CB8A71516
08:24:17.481 | [Action]: QUERY_STATE_HIPOT
08:24:17.481 | [OK]: STATE_HIPOT_OK_1;0009255613;yh;0;16;1CB8A71501,1CB8A71502,1CB8A71503,1CB8A71504,1CB8A71505,1CB8A71506,1CB8A71507,1CB8A71508,1CB8A71509,1CB8A71510,1CB8A71511,1CB8A71512,1CB8A71513,1CB8A71514,1CB8A71515,1CB8A71516
08:24:18.012 | [Action]: QUERY_STATE_HIPOT
08:24:18.012 | [OK]: STATE_HIPOT_OK_1;0009255613;yh;0;16;1CB8A71501,1CB8A71502,1CB8A71503,1CB8A71504,1CB8A71505,1CB8A71506,1CB8A71507,1CB8A71508,1CB8A71509,1CB8A71510,1CB8A71511,1CB8A71512,1CB8A71513,1CB8A71514,1CB8A71515,1CB8A71516
08:24:18.527 | [Action]: QUERY_STATE_HIPOT
08:24:18.527 | [OK]: STATE_HIPOT_OK_1;0009255613;yh;0;16;1CB8A71501,1CB8A71502,1CB8A71503,1CB8A71504,1CB8A71505,1CB8A71506,1CB8A71507,1CB8A71508,1CB8A71509,1CB8A71510,1CB8A71511,1CB8A71512,1CB8A71513,1CB8A71514,1CB8A71515,1CB8A71516
08:24:19.057 | [Action]: QUERY_STATE_HIPOT
08:24:19.073 | [OK]: STATE_HIPOT_OK_1;0009255613;yh;0;16;1CB8A71501,1CB8A71502,1CB8A71503,1CB8A71504,1CB8A71505,1CB8A71506,1CB8A71507,1CB8A71508,1CB8A71509,1CB8A71510,1CB8A71511,1CB8A71512,1CB8A71513,1CB8A71514,1CB8A71515,1CB8A71516
08:24:19.603 | [Action]: QUERY_STATE_HIPOT
08:24:19.619 | [OK]: STATE_HIPOT_OK_1;0009255613;yh;0;16;1CB8A71501,1CB8A71502,1CB8A71503,1CB8A71504,1CB8A71505,1CB8A71506,1CB8A71507,1CB8A71508,1CB8A71509,1CB8A71510,1CB8A71511,1CB8A71512,1CB8A71513,1CB8A71514,1CB8A71515,1CB8A71516
08:24:20.133 | [Action]: QUERY_STATE_HIPOT
08:24:20.149 | [OK]: STATE_HIPOT_OK_1;0009255613;yh;0;16;1CB8A71501,1CB8A71502,1CB8A71503,1CB8A71504,1CB8A71505,1CB8A71506,1CB8A71507,1CB8A71508,1CB8A71509,1CB8A71510,1CB8A71511,1CB8A71512,1CB8A71513,1CB8A71514,1CB8A71515,1CB8A71516
08:24:20.664 | [Action]: QUERY_STATE_HIPOT
08:24:20.679 | [OK]: STATE_HIPOT_OK_1;0009255613;yh;0;16;1CB8A71501,1CB8A71502,1CB8A71503,1CB8A71504,1CB8A71505,1CB8A71506,1CB8A71507,1CB8A71508,1CB8A71509,1CB8A71510,1CB8A71511,1CB8A71512,1CB8A71513,1CB8A71514,1CB8A71515,1CB8A71516
08:24:21.210 | [Action]: QUERY_STATE_HIPOT
08:24:21.225 | [OK]: STATE_HIPOT_OK_1;0009255613;yh;0;16;1CB8A71501,1CB8A71502,1CB8A71503,1CB8A71504,1CB8A71505,1CB8A71506,1CB8A71507,1CB8A71508,1CB8A71509,1CB8A71510,1CB8A71511,1CB8A71512,1CB8A71513,1CB8A71514,1CB8A71515,1CB8A71516
08:24:21.740 | [Action]: QUERY_STATE_HIPOT
08:24:21.756 | [OK]: STATE_HIPOT_OK_1;0009255613;yh;0;16;1CB8A71501,1CB8A71502,1CB8A71503,1CB8A71504,1CB8A71505,1CB8A71506,1CB8A71507,1CB8A71508,1CB8A71509,1CB8A71510,1CB8A71511,1CB8A71512,1CB8A71513,1CB8A71514,1CB8A71515,1CB8A71516
08:24:22.271 | [Action]: QUERY_STATE_HIPOT
08:24:22.286 | [OK]: STATE_HIPOT_OK_1;0009255613;yh;0;16;1CB8A71501,1CB8A71502,1CB8A71503,1CB8A71504,1CB8A71505,1CB8A71506,1CB8A71507,1CB8A71508,1CB8A71509,1CB8A71510,1CB8A71511,1CB8A71512,1CB8A71513,1CB8A71514,1CB8A71515,1CB8A71516
08:24:22.817 | [Action]: QUERY_STATE_HIPOT
08:24:22.832 | [OK]: STATE_HIPOT_OK_1;0009255613;yh;0;16;1CB8A71501,1CB8A71502,1CB8A71503,1CB8A71504,1CB8A71505,1CB8A71506,1CB8A71507,1CB8A71508,1CB8A71509,1CB8A71510,1CB8A71511,1CB8A71512,1CB8A71513,1CB8A71514,1CB8A71515,1CB8A71516
08:24:23.347 | [Action]: QUERY_STATE_HIPOT
08:24:23.363 | [OK]: STATE_HIPOT_OK_1;0009255613;yh;0;16;1CB8A71501,1CB8A71502,1CB8A71503,1CB8A71504,1CB8A71505,1CB8A71506,1CB8A71507,1CB8A71508,1CB8A71509,1CB8A71510,1CB8A71511,1CB8A71512,1CB8A71513,1CB8A71514,1CB8A71515,1CB8A71516
08:24:23.893 | [Action]: QUERY_STATE_HIPOT
08:24:23.909 | [OK]: STATE_HIPOT_OK_1;0009255613;yh;0;16;1CB8A71501,1CB8A71502,1CB8A71503,1CB8A71504,1CB8A71505,1CB8A71506,1CB8A71507,1CB8A71508,1CB8A71509,1CB8A71510,1CB8A71511,1CB8A71512,1CB8A71513,1CB8A71514,1CB8A71515,1CB8A71516
08:24:24.455 | [Action]: QUERY_STATE_HIPOT
08:24:24.470 | [OK]: STATE_HIPOT_OK_1;0009255613;yh;0;16;1CB8A71501,1CB8A71502,1CB8A71503,1CB8A71504,1CB8A71505,1CB8A71506,1CB8A71507,1CB8A71508,1CB8A71509,1CB8A71510,1CB8A71511,1CB8A71512,1CB8A71513,1CB8A71514,1CB8A71515,1CB8A71516
08:24:24.985 | [Action]: QUERY_STATE_HIPOT
08:24:25.001 | [OK]: STATE_HIPOT_OK_1;0009255613;yh;0;16;1CB8A71501,1CB8A71502,1CB8A71503,1CB8A71504,1CB8A71505,1CB8A71506,1CB8A71507,1CB8A71508,1CB8A71509,1CB8A71510,1CB8A71511,1CB8A71512,1CB8A71513,1CB8A71514,1CB8A71515,1CB8A71516
08:24:25.500 | [Action]: QUERY_STATE_HIPOT
08:24:25.515 | [OK]: STATE_HIPOT_OK_1;0009255613;yh;0;16;1CB8A71501,1CB8A71502,1CB8A71503,1CB8A71504,1CB8A71505,1CB8A71506,1CB8A71507,1CB8A71508,1CB8A71509,1CB8A71510,1CB8A71511,1CB8A71512,1CB8A71513,1CB8A71514,1CB8A71515,1CB8A71516
08:24:26.030 | [Action]: QUERY_STATE_HIPOT
08:24:26.046 | [OK]: STATE_HIPOT_OK_1;0009255613;yh;0;16;1CB8A71501,1CB8A71502,1CB8A71503,1CB8A71504,1CB8A71505,1CB8A71506,1CB8A71507,1CB8A71508,1CB8A71509,1CB8A71510,1CB8A71511,1CB8A71512,1CB8A71513,1CB8A71514,1CB8A71515,1CB8A71516
08:24:26.561 | [Action]: QUERY_STATE_HIPOT
08:24:26.592 | [OK]: STATE_HIPOT_OK_1;0009255613;yh;0;16;1CB8A71501,1CB8A71502,1CB8A71503,1CB8A71504,1CB8A71505,1CB8A71506,1CB8A71507,1CB8A71508,1CB8A71509,1CB8A71510,1CB8A71511,1CB8A71512,1CB8A71513,1CB8A71514,1CB8A71515,1CB8A71516
08:24:27.107 | [Action]: QUERY_STATE_HIPOT
08:24:27.122 | [OK]: STATE_HIPOT_OK_1;0009255613;yh;0;16;1CB8A71501,1CB8A71502,1CB8A71503,1CB8A71504,1CB8A71505,1CB8A71506,1CB8A71507,1CB8A71508,1CB8A71509,1CB8A71510,1CB8A71511,1CB8A71512,1CB8A71513,1CB8A71514,1CB8A71515,1CB8A71516
08:24:27.637 | [Action]: QUERY_STATE_HIPOT
08:24:27.653 | [OK]: STATE_HIPOT_OK_1;0009255613;yh;0;16;1CB8A71501,1CB8A71502,1CB8A71503,1CB8A71504,1CB8A71505,1CB8A71506,1CB8A71507,1CB8A71508,1CB8A71509,1CB8A71510,1CB8A71511,1CB8A71512,1CB8A71513,1CB8A71514,1CB8A71515,1CB8A71516
08:24:28.183 | [Action]: QUERY_STATE_HIPOT
08:24:28.199 | [OK]: STATE_HIPOT_OK_1;0009255613;yh;0;16;1CB8A71501,1CB8A71502,1CB8A71503,1CB8A71504,1CB8A71505,1CB8A71506,1CB8A71507,1CB8A71508,1CB8A71509,1CB8A71510,1CB8A71511,1CB8A71512,1CB8A71513,1CB8A71514,1CB8A71515,1CB8A71516
08:24:28.713 | [Action]: QUERY_STATE_HIPOT
08:24:28.729 | [OK]: STATE_HIPOT_OK_1;0009255613;yh;0;16;1CB8A71501,1CB8A71502,1CB8A71503,1CB8A71504,1CB8A71505,1CB8A71506,1CB8A71507,1CB8A71508,1CB8A71509,1CB8A71510,1CB8A71511,1CB8A71512,1CB8A71513,1CB8A71514,1CB8A71515,1CB8A71516
08:24:29.259 | [Action]: QUERY_STATE_HIPOT
08:24:29.275 | [OK]: STATE_HIPOT_OK_1;0009255613;yh;0;16;1CB8A71501,1CB8A71502,1CB8A71503,1CB8A71504,1CB8A71505,1CB8A71506,1CB8A71507,1CB8A71508,1CB8A71509,1CB8A71510,1CB8A71511,1CB8A71512,1CB8A71513,1CB8A71514,1CB8A71515,1CB8A71516
08:24:29.805 | [Action]: QUERY_STATE_HIPOT
08:24:29.805 | [OK]: STATE_HIPOT_OK_1;0009255613;yh;0;16;1CB8A71501,1CB8A71502,1CB8A71503,1CB8A71504,1CB8A71505,1CB8A71506,1CB8A71507,1CB8A71508,1CB8A71509,1CB8A71510,1CB8A71511,1CB8A71512,1CB8A71513,1CB8A71514,1CB8A71515,1CB8A71516
08:24:30.351 | [Action]: QUERY_STATE_HIPOT
08:24:30.351 | [OK]: STATE_HIPOT_OK_1;0009255613;yh;0;16;1CB8A71501,1CB8A71502,1CB8A71503,1CB8A71504,1CB8A71505,1CB8A71506,1CB8A71507,1CB8A71508,1CB8A71509,1CB8A71510,1CB8A71511,1CB8A71512,1CB8A71513,1CB8A71514,1CB8A71515,1CB8A71516
08:24:30.897 | [Action]: QUERY_STATE_HIPOT
08:24:30.897 | [OK]: STATE_HIPOT_OK_1;0009255613;yh;0;16;1CB8A71501,1CB8A71502,1CB8A71503,1CB8A71504,1CB8A71505,1CB8A71506,1CB8A71507,1CB8A71508,1CB8A71509,1CB8A71510,1CB8A71511,1CB8A71512,1CB8A71513,1CB8A71514,1CB8A71515,1CB8A71516
08:24:31.428 | [Action]: QUERY_STATE_HIPOT
08:24:31.443 | [OK]: STATE_HIPOT_OK_1;0009255613;yh;0;16;1CB8A71501,1CB8A71502,1CB8A71503,1CB8A71504,1CB8A71505,1CB8A71506,1CB8A71507,1CB8A71508,1CB8A71509,1CB8A71510,1CB8A71511,1CB8A71512,1CB8A71513,1CB8A71514,1CB8A71515,1CB8A71516
08:24:31.974 | [Action]: QUERY_STATE_HIPOT
08:24:31.989 | [OK]: STATE_HIPOT_OK_1;0009255613;yh;0;16;1CB8A71501,1CB8A71502,1CB8A71503,1CB8A71504,1CB8A71505,1CB8A71506,1CB8A71507,1CB8A71508,1CB8A71509,1CB8A71510,1CB8A71511,1CB8A71512,1CB8A71513,1CB8A71514,1CB8A71515,1CB8A71516
08:24:32.520 | [Action]: QUERY_STATE_HIPOT
08:24:32.520 | [OK]: STATE_HIPOT_OK_1;0009255613;yh;0;16;1CB8A71501,1CB8A71502,1CB8A71503,1CB8A71504,1CB8A71505,1CB8A71506,1CB8A71507,1CB8A71508,1CB8A71509,1CB8A71510,1CB8A71511,1CB8A71512,1CB8A71513,1CB8A71514,1CB8A71515,1CB8A71516
08:24:33.066 | [Action]: QUERY_STATE_HIPOT
08:24:33.081 | [OK]: STATE_HIPOT_OK_1;0009255613;yh;0;16;1CB8A71501,1CB8A71502,1CB8A71503,1CB8A71504,1CB8A71505,1CB8A71506,1CB8A71507,1CB8A71508,1CB8A71509,1CB8A71510,1CB8A71511,1CB8A71512,1CB8A71513,1CB8A71514,1CB8A71515,1CB8A71516
08:24:33.440 | [Action]: END_TEST_HIPOT_16;0009255613;0,0,0,0,0,0,0,0,0,0,0,0,0,0,0,0
08:24:33.440 | [OK]: END_HIPOT_OK
08:24:34.002 | [Action]: QUERY_STATE_HIPOT
08:24:34.002 | [OK]: STATE_HIPOT_OK_0;
08:24:34.548 | [Action]: QUERY_STATE_HIPOT
08:24:34.548 | [OK]: STATE_HIPOT_OK_0;
08:24:35.109 | [Action]: QUERY_STATE_HIPOT
08:24:35.109 | [OK]: STATE_HIPOT_OK_0;
08:24:35.655 | [Action]: QUERY_STATE_HIPOT
08:24:35.655 | [OK]: STATE_HIPOT_OK_0;
08:24:36.201 | [Action]: QUERY_STATE_HIPOT
08:24:36.201 | [OK]: STATE_HIPOT_OK_0;
08:24:36.763 | [Action]: QUERY_STATE_HIPOT
08:24:36.763 | [OK]: STATE_HIPOT_OK_0;
08:24:37.325 | [Action]: QUERY_STATE_HIPOT
08:24:37.325 | [OK]: STATE_HIPOT_OK_0;
08:24:37.886 | [Action]: QUERY_STATE_HIPOT
08:24:37.886 | [OK]: STATE_HIPOT_OK_0;
08:24:38.432 | [Action]: QUERY_STATE_HIPOT
08:24:38.448 | [OK]: STATE_HIPOT_OK_0;
08:24:38.978 | [Action]: QUERY_STATE_HIPOT
08:24:38.978 | [OK]: STATE_HIPOT_OK_0;
08:24:39.540 | [Action]: QUERY_STATE_HIPOT
08:24:39.540 | [OK]: STATE_HIPOT_OK_0;
08:24:40.101 | [Action]: QUERY_STATE_HIPOT
08:24:40.101 | [OK]: STATE_HIPOT_OK_0;
08:24:40.647 | [Action]: QUERY_STATE_HIPOT
08:24:40.663 | [OK]: STATE_HIPOT_OK_0;
08:24:41.193 | [Action]: QUERY_STATE_HIPOT
08:24:41.193 | [OK]: STATE_HIPOT_OK_0;
08:24:41.739 | [Action]: QUERY_STATE_HIPOT
08:24:41.739 | [OK]: STATE_HIPOT_OK_0;
08:24:42.301 | [Action]: QUERY_STATE_HIPOT
08:24:42.301 | [OK]: STATE_HIPOT_OK_0;
08:24:42.863 | [Action]: QUERY_STATE_HIPOT
08:24:42.863 | [OK]: STATE_HIPOT_OK_0;
08:24:43.424 | [Action]: QUERY_STATE_HIPOT
08:24:43.424 | [OK]: STATE_HIPOT_OK_0;
08:24:43.986 | [Action]: QUERY_STATE_HIPOT
08:24:43.986 | [OK]: STATE_HIPOT_OK_0;
08:24:44.547 | [Action]: QUERY_STATE_HIPOT
08:24:44.547 | [OK]: STATE_HIPOT_OK_0;
08:24:45.109 | [Action]: QUERY_STATE_HIPOT
08:24:45.109 | [OK]: STATE_HIPOT_OK_0;
08:24:45.655 | [Action]: QUERY_STATE_HIPOT
08:24:45.671 | [OK]: STATE_HIPOT_OK_0;
08:24:46.217 | [Action]: QUERY_STATE_HIPOT
08:24:46.217 | [OK]: STATE_HIPOT_OK_0;
08:24:46.778 | [Action]: QUERY_STATE_HIPOT
08:24:46.778 | [OK]: STATE_HIPOT_OK_0;
08:24:47.324 | [Action]: QUERY_STATE_HIPOT
08:24:47.340 | [OK]: STATE_HIPOT_OK_0;
08:24:47.901 | [Action]: QUERY_STATE_HIPOT
08:24:47.901 | [OK]: STATE_HIPOT_OK_0;
08:24:48.463 | [Action]: QUERY_STATE_HIPOT
08:24:48.463 | [OK]: STATE_HIPOT_OK_0;
08:24:49.025 | [Action]: QUERY_STATE_HIPOT
08:24:49.040 | [OK]: STATE_HIPOT_OK_0;
08:24:49.602 | [Action]: QUERY_STATE_HIPOT
08:24:49.617 | [OK]: STATE_HIPOT_OK_0;
08:24:50.163 | [Action]: QUERY_STATE_HIPOT
08:24:50.163 | [OK]: STATE_HIPOT_OK_0;
08:24:50.709 | [Action]: QUERY_STATE_HIPOT
08:24:50.709 | [OK]: STATE_HIPOT_OK_0;
08:24:51.255 | [Action]: QUERY_STATE_HIPOT
08:24:51.255 | [OK]: STATE_HIPOT_OK_0;
08:24:51.801 | [Action]: QUERY_STATE_HIPOT
08:24:51.817 | [OK]: STATE_HIPOT_OK_0;
08:24:52.347 | [Action]: QUERY_STATE_HIPOT
08:24:52.347 | [OK]: STATE_HIPOT_OK_0;
08:24:52.893 | [Action]: QUERY_STATE_HIPOT
08:24:52.893 | [OK]: STATE_HIPOT_OK_0;
08:24:53.439 | [Action]: QUERY_STATE_HIPOT
08:24:53.455 | [OK]: STATE_HIPOT_OK_0;
08:24:54.001 | [Action]: QUERY_STATE_HIPOT
08:24:54.017 | [OK]: STATE_HIPOT_OK_0;
08:24:54.547 | [Action]: QUERY_STATE_HIPOT
08:24:54.547 | [OK]: STATE_HIPOT_OK_0;
08:24:55.093 | [Action]: QUERY_STATE_HIPOT
08:24:55.093 | [OK]: STATE_HIPOT_OK_0;
08:24:55.639 | [Action]: QUERY_STATE_HIPOT
08:24:55.655 | [OK]: STATE_HIPOT_OK_0;
08:24:56.185 | [Action]: QUERY_STATE_HIPOT
08:24:56.201 | [OK]: STATE_HIPOT_OK_0;
08:24:56.731 | [Action]: QUERY_STATE_HIPOT
08:24:56.731 | [OK]: STATE_HIPOT_OK_0;
08:24:57.277 | [Action]: QUERY_STATE_HIPOT
08:24:57.293 | [OK]: STATE_HIPOT_OK_0;
08:24:57.839 | [Action]: QUERY_STATE_HIPOT
08:24:57.839 | [OK]: STATE_HIPOT_OK_0;
08:24:58.385 | [Action]: QUERY_STATE_HIPOT
08:24:58.400 | [OK]: STATE_HIPOT_OK_0;
08:24:58.931 | [Action]: QUERY_STATE_HIPOT
08:24:58.946 | [OK]: STATE_HIPOT_OK_0;
08:24:59.477 | [Action]: QUERY_STATE_HIPOT
08:24:59.477 | [OK]: STATE_HIPOT_OK_0;
08:25:00.023 | [Action]: QUERY_STATE_HIPOT
08:25:00.038 | [OK]: STATE_HIPOT_OK_0;
08:25:00.569 | [Action]: QUERY_STATE_HIPOT
08:25:00.584 | [OK]: STATE_HIPOT_OK_0;
08:25:01.130 | [Action]: QUERY_STATE_HIPOT
08:25:01.146 | [OK]: STATE_HIPOT_OK_0;
08:25:01.832 | [Action]: QUERY_STATE_HIPOT
08:25:01.848 | [OK]: STATE_HIPOT_OK_0;
08:25:02.409 | [Action]: QUERY_STATE_HIPOT
08:25:02.425 | [OK]: STATE_HIPOT_OK_0;
08:25:02.987 | [Action]: QUERY_STATE_HIPOT
08:25:03.002 | [OK]: STATE_HIPOT_OK_0;
08:25:03.548 | [Action]: QUERY_STATE_HIPOT
08:25:03.564 | [OK]: STATE_HIPOT_OK_0;
08:25:04.094 | [Action]: QUERY_STATE_HIPOT
08:25:04.110 | [OK]: STATE_HIPOT_OK_0;
08:25:04.640 | [Action]: QUERY_STATE_HIPOT
08:25:04.656 | [OK]: STATE_HIPOT_OK_0;
08:25:05.186 | [Action]: QUERY_STATE_HIPOT
08:25:05.202 | [OK]: STATE_HIPOT_OK_0;
08:25:05.732 | [Action]: QUERY_STATE_HIPOT
08:25:05.748 | [OK]: STATE_HIPOT_OK_0;
08:25:06.294 | [Action]: QUERY_STATE_HIPOT
08:25:06.309 | [OK]: STATE_HIPOT_OK_0;
08:25:06.855 | [Action]: QUERY_STATE_HIPOT
08:25:06.855 | [OK]: STATE_HIPOT_OK_0;
08:25:07.417 | [Action]: QUERY_STATE_HIPOT
08:25:07.417 | [OK]: STATE_HIPOT_OK_0;
08:25:07.979 | [Action]: QUERY_STATE_HIPOT
08:25:07.979 | [OK]: STATE_HIPOT_OK_0;
08:25:08.540 | [Action]: QUERY_STATE_HIPOT
08:25:08.540 | [OK]: STATE_HIPOT_OK_0;
08:25:09.102 | [Action]: QUERY_STATE_HIPOT
08:25:09.117 | [OK]: STATE_HIPOT_OK_0;
08:25:09.663 | [Action]: QUERY_STATE_HIPOT
08:25:09.679 | [OK]: STATE_HIPOT_OK_0;
08:25:10.225 | [Action]: QUERY_STATE_HIPOT
08:25:10.225 | [OK]: STATE_HIPOT_OK_0;
08:25:10.787 | [Action]: QUERY_STATE_HIPOT
08:25:10.787 | [OK]: STATE_HIPOT_OK_0;
08:25:11.348 | [Action]: QUERY_STATE_HIPOT
08:25:11.364 | [OK]: STATE_HIPOT_OK_0;
08:25:11.910 | [Action]: QUERY_STATE_HIPOT
08:25:11.925 | [OK]: STATE_HIPOT_OK_0;
08:25:12.471 | [Action]: QUERY_STATE_HIPOT
08:25:12.471 | [OK]: STATE_HIPOT_OK_0;
08:25:13.018 | [Action]: QUERY_STATE_HIPOT
08:25:13.033 | [OK]: STATE_HIPOT_OK_0;
08:25:13.579 | [Action]: QUERY_STATE_HIPOT
08:25:13.579 | [OK]: STATE_HIPOT_OK_0;
08:25:14.141 | [Action]: QUERY_STATE_HIPOT
08:25:14.141 | [OK]: STATE_HIPOT_OK_0;
08:25:14.702 | [Action]: QUERY_STATE_HIPOT
08:25:14.702 | [OK]: STATE_HIPOT_OK_0;
08:25:15.264 | [Action]: QUERY_STATE_HIPOT
08:25:15.280 | [OK]: STATE_HIPOT_OK_0;
08:25:15.810 | [Action]: QUERY_STATE_HIPOT
08:25:15.826 | [OK]: STATE_HIPOT_OK_0;
08:25:16.387 | [Action]: QUERY_STATE_HIPOT
08:25:16.403 | [OK]: STATE_HIPOT_OK_0;
08:25:16.980 | [Action]: QUERY_STATE_HIPOT
08:25:16.980 | [OK]: STATE_HIPOT_OK_0;
08:25:17.542 | [Action]: QUERY_STATE_HIPOT
08:25:17.542 | [OK]: STATE_HIPOT_OK_0;
08:25:18.088 | [Action]: QUERY_STATE_HIPOT
08:25:18.103 | [OK]: STATE_HIPOT_OK_0;
08:25:18.649 | [Action]: QUERY_STATE_HIPOT
08:25:18.649 | [OK]: STATE_HIPOT_OK_0;
08:25:19.211 | [Action]: QUERY_STATE_HIPOT
08:25:19.226 | [OK]: STATE_HIPOT_OK_0;
08:25:19.757 | [Action]: QUERY_STATE_HIPOT
08:25:19.772 | [OK]: STATE_HIPOT_OK_0;
08:25:20.318 | [Action]: QUERY_STATE_HIPOT
08:25:20.318 | [OK]: STATE_HIPOT_OK_0;
08:25:20.880 | [Action]: QUERY_STATE_HIPOT
08:25:20.880 | [OK]: STATE_HIPOT_OK_0;
08:25:21.442 | [Action]: QUERY_STATE_HIPOT
08:25:21.457 | [OK]: STATE_HIPOT_OK_0;
08:25:21.988 | [Action]: QUERY_STATE_HIPOT
08:25:22.003 | [OK]: STATE_HIPOT_OK_0;
08:25:22.565 | [Action]: QUERY_STATE_HIPOT
08:25:22.565 | [OK]: STATE_HIPOT_OK_0;
08:25:23.126 | [Action]: QUERY_STATE_HIPOT
08:25:23.142 | [OK]: STATE_HIPOT_OK_0;
08:25:23.688 | [Action]: QUERY_STATE_HIPOT
08:25:23.704 | [OK]: STATE_HIPOT_OK_0;
08:25:24.234 | [Action]: QUERY_STATE_HIPOT
08:25:24.250 | [OK]: STATE_HIPOT_OK_0;
08:25:24.811 | [Action]: QUERY_STATE_HIPOT
08:25:24.827 | [OK]: STATE_HIPOT_OK_0;
08:25:25.373 | [Action]: QUERY_STATE_HIPOT
08:25:25.388 | [OK]: STATE_HIPOT_OK_0;
08:25:25.950 | [Action]: QUERY_STATE_HIPOT
08:25:25.966 | [OK]: STATE_HIPOT_OK_0;
08:25:26.527 | [Action]: QUERY_STATE_HIPOT
08:25:26.527 | [OK]: STATE_HIPOT_OK_0;
08:25:27.089 | [Action]: QUERY_STATE_HIPOT
08:25:27.089 | [OK]: STATE_HIPOT_OK_0;
08:25:27.650 | [Action]: QUERY_STATE_HIPOT
08:25:27.666 | [OK]: STATE_HIPOT_OK_0;
08:25:28.228 | [Action]: QUERY_STATE_HIPOT
08:25:28.243 | [OK]: STATE_HIPOT_OK_0;
08:25:28.789 | [Action]: QUERY_STATE_HIPOT
08:25:28.805 | [OK]: STATE_HIPOT_OK_0;
08:25:29.382 | [Action]: QUERY_STATE_HIPOT
08:25:29.382 | [OK]: STATE_HIPOT_OK_0;
08:25:29.928 | [Action]: QUERY_STATE_HIPOT
08:25:29.944 | [OK]: STATE_HIPOT_OK_0;
08:25:30.490 | [Action]: QUERY_STATE_HIPOT
08:25:30.505 | [OK]: STATE_HIPOT_OK_0;
08:25:31.036 | [Action]: QUERY_STATE_HIPOT
08:25:31.051 | [OK]: STATE_HIPOT_OK_0;
08:25:31.597 | [Action]: QUERY_STATE_HIPOT
08:25:31.613 | [OK]: STATE_HIPOT_OK_0;
08:25:32.159 | [Action]: QUERY_STATE_HIPOT
08:25:32.174 | [OK]: STATE_HIPOT_OK_0;
08:25:32.752 | [Action]: QUERY_STATE_HIPOT
08:25:32.752 | [OK]: STATE_HIPOT_OK_0;
08:25:33.313 | [Action]: QUERY_STATE_HIPOT
08:25:33.329 | [OK]: STATE_HIPOT_OK_0;
08:25:33.859 | [Action]: QUERY_STATE_HIPOT
08:25:33.875 | [OK]: STATE_HIPOT_OK_0;
08:25:34.452 | [Action]: QUERY_STATE_HIPOT
08:25:34.452 | [OK]: STATE_HIPOT_OK_0;
08:25:35.014 | [Action]: QUERY_STATE_HIPOT
08:25:35.029 | [OK]: STATE_HIPOT_OK_0;
08:25:35.591 | [Action]: QUERY_STATE_HIPOT
08:25:35.591 | [OK]: STATE_HIPOT_OK_0;
08:25:36.152 | [Action]: QUERY_STATE_HIPOT
08:25:36.152 | [OK]: STATE_HIPOT_OK_0;
08:25:36.698 | [Action]: QUERY_STATE_HIPOT
08:25:36.714 | [OK]: STATE_HIPOT_OK_0;
08:25:37.244 | [Action]: QUERY_STATE_HIPOT
08:25:37.260 | [OK]: STATE_HIPOT_OK_0;
08:25:37.806 | [Action]: QUERY_STATE_HIPOT
08:25:37.822 | [OK]: STATE_HIPOT_OK_0;
08:25:38.352 | [Action]: QUERY_STATE_HIPOT
08:25:38.368 | [OK]: STATE_HIPOT_OK_0;
08:25:38.914 | [Action]: QUERY_STATE_HIPOT
08:25:38.929 | [OK]: STATE_HIPOT_OK_0;
08:25:39.475 | [Action]: QUERY_STATE_HIPOT
08:25:39.491 | [OK]: STATE_HIPOT_OK_0;
08:25:40.037 | [Action]: QUERY_STATE_HIPOT
08:25:40.052 | [OK]: STATE_HIPOT_OK_0;
08:25:40.598 | [Action]: QUERY_STATE_HIPOT
08:25:40.614 | [OK]: STATE_HIPOT_OK_0;
08:25:41.160 | [Action]: QUERY_STATE_HIPOT
08:25:41.160 | [OK]: STATE_HIPOT_OK_0;
08:25:41.706 | [Action]: QUERY_STATE_HIPOT
08:25:41.722 | [OK]: STATE_HIPOT_OK_0;
08:25:42.268 | [Action]: QUERY_STATE_HIPOT
08:25:42.268 | [OK]: STATE_HIPOT_OK_0;
08:25:42.814 | [Action]: QUERY_STATE_HIPOT
08:25:42.829 | [OK]: STATE_HIPOT_OK_0;
08:25:43.391 | [Action]: QUERY_STATE_HIPOT
08:25:43.391 | [OK]: STATE_HIPOT_OK_0;
08:25:43.937 | [Action]: QUERY_STATE_HIPOT
08:25:43.952 | [OK]: STATE_HIPOT_OK_0;
08:25:44.530 | [Action]: QUERY_STATE_HIPOT
08:25:44.530 | [OK]: STATE_HIPOT_OK_0;
08:25:45.091 | [Action]: QUERY_STATE_HIPOT
08:25:45.107 | [OK]: STATE_HIPOT_OK_0;
08:25:45.637 | [Action]: QUERY_STATE_HIPOT
08:25:45.653 | [OK]: STATE_HIPOT_OK_0;
08:25:46.214 | [Action]: QUERY_STATE_HIPOT
08:25:46.230 | [OK]: STATE_HIPOT_OK_0;
08:25:46.776 | [Action]: QUERY_STATE_HIPOT
08:25:46.792 | [OK]: STATE_HIPOT_OK_0;
08:25:47.322 | [Action]: QUERY_STATE_HIPOT
08:25:47.338 | [OK]: STATE_HIPOT_OK_0;
08:25:47.915 | [Action]: QUERY_STATE_HIPOT
08:25:47.930 | [OK]: STATE_HIPOT_OK_0;
08:25:48.476 | [Action]: QUERY_STATE_HIPOT
08:25:48.476 | [OK]: STATE_HIPOT_OK_0;
08:25:49.022 | [Action]: QUERY_STATE_HIPOT
08:25:49.038 | [OK]: STATE_HIPOT_OK_0;
08:25:49.600 | [Action]: QUERY_STATE_HIPOT
08:25:49.615 | [OK]: STATE_HIPOT_OK_0;
08:25:50.161 | [Action]: QUERY_STATE_HIPOT
08:25:50.177 | [OK]: STATE_HIPOT_OK_0;
08:25:50.723 | [Action]: QUERY_STATE_HIPOT
08:25:50.738 | [OK]: STATE_HIPOT_OK_0;
08:25:51.284 | [Action]: QUERY_STATE_HIPOT
08:25:51.300 | [OK]: STATE_HIPOT_OK_0;
08:25:51.877 | [Action]: QUERY_STATE_HIPOT
08:25:51.893 | [OK]: STATE_HIPOT_OK_0;
08:25:52.439 | [Action]: QUERY_STATE_HIPOT
08:25:52.454 | [OK]: STATE_HIPOT_OK_0;
08:25:53.032 | [Action]: QUERY_STATE_HIPOT
08:25:53.032 | [OK]: STATE_HIPOT_OK_0;
08:25:53.593 | [Action]: QUERY_STATE_HIPOT
08:25:53.609 | [OK]: STATE_HIPOT_OK_0;
08:25:54.155 | [Action]: QUERY_STATE_HIPOT
08:25:54.170 | [OK]: STATE_HIPOT_OK_0;
08:25:54.732 | [Action]: QUERY_STATE_HIPOT
08:25:54.748 | [OK]: STATE_HIPOT_OK_0;
08:25:55.309 | [Action]: QUERY_STATE_HIPOT
08:25:55.325 | [OK]: STATE_HIPOT_OK_0;
08:25:55.886 | [Action]: QUERY_STATE_HIPOT
08:25:55.902 | [OK]: STATE_HIPOT_OK_0;
08:25:56.448 | [Action]: QUERY_STATE_HIPOT
08:25:56.464 | [OK]: STATE_HIPOT_OK_0;
08:25:57.025 | [Action]: QUERY_STATE_HIPOT
08:25:57.041 | [OK]: STATE_HIPOT_OK_0;
08:28:42.089 | [Content]: 服务器开始启动监听数据...
08:28:42.495 | [Action]: QUERY_STATE_HIPOT
08:28:42.495 | [OK]: STATE_HIPOT_OK_0;
08:28:43.072 | [Action]: QUERY_STATE_HIPOT
08:28:43.072 | [OK]: STATE_HIPOT_OK_0;
08:28:43.649 | [Action]: QUERY_STATE_HIPOT
08:28:43.649 | [OK]: STATE_HIPOT_OK_0;
08:28:44.491 | [Action]: QUERY_STATE_HIPOT
08:28:44.491 | [OK]: STATE_HIPOT_OK_0;
08:28:45.053 | [Action]: QUERY_STATE_HIPOT
08:28:45.053 | [OK]: STATE_HIPOT_OK_0;
08:28:45.630 | [Action]: QUERY_STATE_HIPOT
08:28:45.630 | [OK]: STATE_HIPOT_OK_0;
08:28:46.207 | [Action]: QUERY_STATE_HIPOT
08:28:46.207 | [OK]: STATE_HIPOT_OK_0;
08:28:46.785 | [Action]: QUERY_STATE_HIPOT
08:28:46.785 | [OK]: STATE_HIPOT_OK_0;
08:28:47.362 | [Action]: QUERY_STATE_HIPOT
08:28:47.362 | [OK]: STATE_HIPOT_OK_0;
08:28:47.939 | [Action]: QUERY_STATE_HIPOT
08:28:47.939 | [OK]: STATE_HIPOT_OK_0;
08:28:48.516 | [Action]: QUERY_STATE_HIPOT
08:28:48.516 | [OK]: STATE_HIPOT_OK_0;
08:28:49.093 | [Action]: QUERY_STATE_HIPOT
08:28:49.093 | [OK]: STATE_HIPOT_OK_0;
08:28:49.671 | [Action]: QUERY_STATE_HIPOT
08:28:49.671 | [OK]: STATE_HIPOT_OK_0;
08:28:50.248 | [Action]: QUERY_STATE_HIPOT
08:28:50.248 | [OK]: STATE_HIPOT_OK_0;
08:28:50.809 | [Action]: QUERY_STATE_HIPOT
08:28:50.809 | [OK]: STATE_HIPOT_OK_0;
08:28:51.371 | [Action]: QUERY_STATE_HIPOT
08:28:51.371 | [OK]: STATE_HIPOT_OK_0;
08:28:51.917 | [Action]: QUERY_STATE_HIPOT
08:28:51.917 | [OK]: STATE_HIPOT_OK_0;
08:28:52.463 | [Action]: QUERY_STATE_HIPOT
08:28:52.463 | [OK]: STATE_HIPOT_OK_0;
08:28:53.009 | [Action]: QUERY_STATE_HIPOT
08:28:53.009 | [OK]: STATE_HIPOT_OK_0;
08:28:53.555 | [Action]: QUERY_STATE_HIPOT
08:28:53.571 | [OK]: STATE_HIPOT_OK_0;
08:28:54.101 | [Action]: QUERY_STATE_HIPOT
08:28:54.101 | [OK]: STATE_HIPOT_OK_0;
08:28:54.647 | [Action]: QUERY_STATE_HIPOT
08:28:54.647 | [OK]: STATE_HIPOT_OK_0;
08:28:55.193 | [Action]: QUERY_STATE_HIPOT
08:28:55.193 | [OK]: STATE_HIPOT_OK_0;
08:28:55.739 | [Action]: QUERY_STATE_HIPOT
08:28:55.739 | [OK]: STATE_HIPOT_OK_0;
08:28:56.285 | [Action]: QUERY_STATE_HIPOT
08:28:56.285 | [OK]: STATE_HIPOT_OK_0;
08:28:56.831 | [Action]: QUERY_STATE_HIPOT
08:28:56.831 | [OK]: STATE_HIPOT_OK_0;
08:28:57.377 | [Action]: QUERY_STATE_HIPOT
08:28:57.377 | [OK]: STATE_HIPOT_OK_0;
08:28:57.923 | [Action]: QUERY_STATE_HIPOT
08:28:57.923 | [OK]: STATE_HIPOT_OK_0;
08:28:58.469 | [Action]: QUERY_STATE_HIPOT
08:28:58.469 | [OK]: STATE_HIPOT_OK_0;
08:28:59.015 | [Action]: QUERY_STATE_HIPOT
08:28:59.015 | [OK]: STATE_HIPOT_OK_0;
08:28:59.561 | [Action]: QUERY_STATE_HIPOT
08:28:59.561 | [OK]: STATE_HIPOT_OK_0;
08:29:00.107 | [Action]: QUERY_STATE_HIPOT
08:29:00.107 | [OK]: STATE_HIPOT_OK_0;
08:29:00.653 | [Action]: QUERY_STATE_HIPOT
08:29:00.653 | [OK]: STATE_HIPOT_OK_0;
08:29:01.199 | [Action]: QUERY_STATE_HIPOT
08:29:01.199 | [OK]: STATE_HIPOT_OK_0;
08:29:01.745 | [Action]: QUERY_STATE_HIPOT
08:29:01.745 | [OK]: STATE_HIPOT_OK_0;
08:29:02.291 | [Action]: QUERY_STATE_HIPOT
08:29:02.291 | [OK]: STATE_HIPOT_OK_0;
08:29:02.837 | [Action]: QUERY_STATE_HIPOT
08:29:02.837 | [OK]: STATE_HIPOT_OK_0;
08:29:03.383 | [Action]: QUERY_STATE_HIPOT
08:29:03.383 | [OK]: STATE_HIPOT_OK_0;
08:29:03.929 | [Action]: QUERY_STATE_HIPOT
08:29:03.929 | [OK]: STATE_HIPOT_OK_0;
08:29:04.475 | [Action]: QUERY_STATE_HIPOT
08:29:04.475 | [OK]: STATE_HIPOT_OK_0;
08:29:05.021 | [Action]: QUERY_STATE_HIPOT
08:29:05.021 | [OK]: STATE_HIPOT_OK_0;
08:29:05.567 | [Action]: QUERY_STATE_HIPOT
08:29:05.567 | [OK]: STATE_HIPOT_OK_0;
08:29:06.113 | [Action]: QUERY_STATE_HIPOT
08:29:06.113 | [OK]: STATE_HIPOT_OK_0;
08:29:06.659 | [Action]: QUERY_STATE_HIPOT
08:29:06.659 | [OK]: STATE_HIPOT_OK_0;
08:29:07.205 | [Action]: QUERY_STATE_HIPOT
08:29:07.205 | [OK]: STATE_HIPOT_OK_0;
08:29:07.751 | [Action]: QUERY_STATE_HIPOT
08:29:07.751 | [OK]: STATE_HIPOT_OK_0;
08:29:08.297 | [Action]: QUERY_STATE_HIPOT
08:29:08.297 | [OK]: STATE_HIPOT_OK_0;
08:29:08.843 | [Action]: QUERY_STATE_HIPOT
08:29:08.843 | [OK]: STATE_HIPOT_OK_0;
08:29:09.389 | [Action]: QUERY_STATE_HIPOT
08:29:09.389 | [OK]: STATE_HIPOT_OK_0;
08:29:09.935 | [Action]: QUERY_STATE_HIPOT
08:29:09.935 | [OK]: STATE_HIPOT_OK_0;
08:29:10.481 | [Action]: QUERY_STATE_HIPOT
08:29:10.481 | [OK]: STATE_HIPOT_OK_0;
08:29:11.027 | [Action]: QUERY_STATE_HIPOT
08:29:11.027 | [OK]: STATE_HIPOT_OK_0;
08:29:11.573 | [Action]: QUERY_STATE_HIPOT
08:29:11.573 | [OK]: STATE_HIPOT_OK_0;
08:29:12.119 | [Action]: QUERY_STATE_HIPOT
08:29:12.119 | [OK]: STATE_HIPOT_OK_0;
08:29:12.665 | [Action]: QUERY_STATE_HIPOT
08:29:12.665 | [OK]: STATE_HIPOT_OK_0;
08:29:13.211 | [Action]: QUERY_STATE_HIPOT
08:29:13.211 | [OK]: STATE_HIPOT_OK_0;
08:29:13.757 | [Action]: QUERY_STATE_HIPOT
08:29:13.757 | [OK]: STATE_HIPOT_OK_0;
08:29:14.303 | [Action]: QUERY_STATE_HIPOT
08:29:14.303 | [OK]: STATE_HIPOT_OK_0;
08:29:14.834 | [Action]: QUERY_STATE_HIPOT
08:29:14.834 | [OK]: STATE_HIPOT_OK_0;
08:29:15.380 | [Action]: QUERY_STATE_HIPOT
08:29:15.380 | [OK]: STATE_HIPOT_OK_0;
08:29:15.926 | [Action]: QUERY_STATE_HIPOT
08:29:15.926 | [OK]: STATE_HIPOT_OK_0;
08:29:16.472 | [Action]: QUERY_STATE_HIPOT
08:29:16.472 | [OK]: STATE_HIPOT_OK_0;
08:29:17.018 | [Action]: QUERY_STATE_HIPOT
08:29:17.018 | [OK]: STATE_HIPOT_OK_0;
08:29:17.564 | [Action]: QUERY_STATE_HIPOT
08:29:17.564 | [OK]: STATE_HIPOT_OK_0;
08:29:18.110 | [Action]: QUERY_STATE_HIPOT
08:29:18.110 | [OK]: STATE_HIPOT_OK_0;
08:29:18.656 | [Action]: QUERY_STATE_HIPOT
08:29:18.656 | [OK]: STATE_HIPOT_OK_0;
08:29:19.202 | [Action]: QUERY_STATE_HIPOT
08:29:19.202 | [OK]: STATE_HIPOT_OK_0;
08:29:19.748 | [Action]: QUERY_STATE_HIPOT
08:29:19.748 | [OK]: STATE_HIPOT_OK_0;
08:29:20.294 | [Action]: QUERY_STATE_HIPOT
08:29:20.294 | [OK]: STATE_HIPOT_OK_0;
08:29:20.840 | [Action]: QUERY_STATE_HIPOT
08:29:20.840 | [OK]: STATE_HIPOT_OK_0;
08:29:21.386 | [Action]: QUERY_STATE_HIPOT
08:29:21.386 | [OK]: STATE_HIPOT_OK_0;
08:29:21.932 | [Action]: QUERY_STATE_HIPOT
08:29:21.932 | [OK]: STATE_HIPOT_OK_0;
08:29:22.478 | [Action]: QUERY_STATE_HIPOT
08:29:22.478 | [OK]: STATE_HIPOT_OK_0;
08:29:23.024 | [Action]: QUERY_STATE_HIPOT
08:29:23.024 | [OK]: STATE_HIPOT_OK_0;
08:29:23.570 | [Action]: QUERY_STATE_HIPOT
08:29:23.570 | [OK]: STATE_HIPOT_OK_0;
08:29:24.116 | [Action]: QUERY_STATE_HIPOT
08:29:24.116 | [OK]: STATE_HIPOT_OK_0;
08:29:24.662 | [Action]: QUERY_STATE_HIPOT
08:29:24.662 | [OK]: STATE_HIPOT_OK_0;
08:29:25.223 | [Action]: QUERY_STATE_HIPOT
08:29:25.223 | [OK]: STATE_HIPOT_OK_0;
08:29:25.769 | [Action]: QUERY_STATE_HIPOT
08:29:25.769 | [OK]: STATE_HIPOT_OK_0;
08:29:26.315 | [Action]: QUERY_STATE_HIPOT
08:29:26.315 | [OK]: STATE_HIPOT_OK_0;
08:29:26.861 | [Action]: QUERY_STATE_HIPOT
08:29:26.861 | [OK]: STATE_HIPOT_OK_0;
08:29:27.407 | [Action]: QUERY_STATE_HIPOT
08:29:27.407 | [OK]: STATE_HIPOT_OK_0;
08:29:27.953 | [Action]: QUERY_STATE_HIPOT
08:29:27.953 | [OK]: STATE_HIPOT_OK_0;
08:29:28.515 | [Action]: QUERY_STATE_HIPOT
08:29:28.515 | [OK]: STATE_HIPOT_OK_0;
08:29:29.061 | [Action]: QUERY_STATE_HIPOT
08:29:29.061 | [OK]: STATE_HIPOT_OK_0;
08:29:29.622 | [Action]: QUERY_STATE_HIPOT
08:29:29.622 | [OK]: STATE_HIPOT_OK_0;
08:29:30.168 | [Action]: QUERY_STATE_HIPOT
08:29:30.168 | [OK]: STATE_HIPOT_OK_0;
08:29:30.714 | [Action]: QUERY_STATE_HIPOT
08:29:30.714 | [OK]: STATE_HIPOT_OK_0;
08:29:31.260 | [Action]: QUERY_STATE_HIPOT
08:29:31.260 | [OK]: STATE_HIPOT_OK_0;
08:29:31.806 | [Action]: QUERY_STATE_HIPOT
08:29:31.806 | [OK]: STATE_HIPOT_OK_0;
08:29:32.352 | [Action]: QUERY_STATE_HIPOT
08:29:32.352 | [OK]: STATE_HIPOT_OK_0;
08:29:32.914 | [Action]: QUERY_STATE_HIPOT
08:29:32.914 | [OK]: STATE_HIPOT_OK_0;
08:29:33.460 | [Action]: QUERY_STATE_HIPOT
08:29:33.460 | [OK]: STATE_HIPOT_OK_0;
08:29:34.006 | [Action]: QUERY_STATE_HIPOT
08:29:34.006 | [OK]: STATE_HIPOT_OK_0;
08:29:34.552 | [Action]: QUERY_STATE_HIPOT
08:29:34.552 | [OK]: STATE_HIPOT_OK_0;
08:29:35.098 | [Action]: QUERY_STATE_HIPOT
08:29:35.098 | [OK]: STATE_HIPOT_OK_0;
08:29:35.644 | [Action]: QUERY_STATE_HIPOT
08:29:35.644 | [OK]: STATE_HIPOT_OK_0;
08:29:36.206 | [Action]: QUERY_STATE_HIPOT
08:29:36.206 | [OK]: STATE_HIPOT_OK_0;
08:29:36.752 | [Action]: QUERY_STATE_HIPOT
08:29:36.752 | [OK]: STATE_HIPOT_OK_0;
08:29:37.298 | [Action]: QUERY_STATE_HIPOT
08:29:37.298 | [OK]: STATE_HIPOT_OK_0;
08:29:37.844 | [Action]: QUERY_STATE_HIPOT
08:29:37.844 | [OK]: STATE_HIPOT_OK_0;
08:29:38.405 | [Action]: QUERY_STATE_HIPOT
08:29:38.405 | [OK]: STATE_HIPOT_OK_0;
08:29:38.951 | [Action]: QUERY_STATE_HIPOT
08:29:38.951 | [OK]: STATE_HIPOT_OK_0;
08:29:39.497 | [Action]: QUERY_STATE_HIPOT
08:29:39.497 | [OK]: STATE_HIPOT_OK_0;
08:29:40.043 | [Action]: QUERY_STATE_HIPOT
08:29:40.043 | [OK]: STATE_HIPOT_OK_0;
08:29:40.589 | [Action]: QUERY_STATE_HIPOT
08:29:40.589 | [OK]: STATE_HIPOT_OK_0;
08:29:41.135 | [Action]: QUERY_STATE_HIPOT
08:29:41.135 | [OK]: STATE_HIPOT_OK_0;
08:29:41.697 | [Action]: QUERY_STATE_HIPOT
08:29:41.697 | [OK]: STATE_HIPOT_OK_0;
08:29:42.243 | [Action]: QUERY_STATE_HIPOT
08:29:42.243 | [OK]: STATE_HIPOT_OK_0;
08:29:42.804 | [Action]: QUERY_STATE_HIPOT
08:29:42.804 | [OK]: STATE_HIPOT_OK_0;
08:29:43.350 | [Action]: QUERY_STATE_HIPOT
08:29:43.350 | [OK]: STATE_HIPOT_OK_0;
08:29:43.896 | [Action]: QUERY_STATE_HIPOT
08:29:43.896 | [OK]: STATE_HIPOT_OK_0;
08:29:44.442 | [Action]: QUERY_STATE_HIPOT
08:29:44.458 | [OK]: STATE_HIPOT_OK_0;
08:29:44.988 | [Action]: QUERY_STATE_HIPOT
08:29:44.988 | [OK]: STATE_HIPOT_OK_0;
08:29:45.534 | [Action]: QUERY_STATE_HIPOT
08:29:45.534 | [OK]: STATE_HIPOT_OK_0;
08:29:46.080 | [Action]: QUERY_STATE_HIPOT
08:29:46.096 | [OK]: STATE_HIPOT_OK_0;
08:29:46.626 | [Action]: QUERY_STATE_HIPOT
08:29:46.626 | [OK]: STATE_HIPOT_OK_0;
08:29:47.172 | [Action]: QUERY_STATE_HIPOT
08:29:47.172 | [OK]: STATE_HIPOT_OK_0;
08:29:47.734 | [Action]: QUERY_STATE_HIPOT
08:29:47.734 | [OK]: STATE_HIPOT_OK_0;
08:29:48.280 | [Action]: QUERY_STATE_HIPOT
08:29:48.280 | [OK]: STATE_HIPOT_OK_0;
08:29:48.826 | [Action]: QUERY_STATE_HIPOT
08:29:48.826 | [OK]: STATE_HIPOT_OK_0;
08:29:49.388 | [Action]: QUERY_STATE_HIPOT
08:29:49.388 | [OK]: STATE_HIPOT_OK_0;
08:29:49.934 | [Action]: QUERY_STATE_HIPOT
08:29:49.934 | [OK]: STATE_HIPOT_OK_0;
08:29:50.480 | [Action]: QUERY_STATE_HIPOT
08:29:50.480 | [OK]: STATE_HIPOT_OK_0;
08:29:51.041 | [Action]: QUERY_STATE_HIPOT
08:29:51.041 | [OK]: STATE_HIPOT_OK_0;
08:29:51.587 | [Action]: QUERY_STATE_HIPOT
08:29:51.587 | [OK]: STATE_HIPOT_OK_0;
08:29:52.133 | [Action]: QUERY_STATE_HIPOT
08:29:52.133 | [OK]: STATE_HIPOT_OK_0;
08:29:52.695 | [Action]: QUERY_STATE_HIPOT
08:29:52.695 | [OK]: STATE_HIPOT_OK_0;
08:29:53.241 | [Action]: QUERY_STATE_HIPOT
08:29:53.241 | [OK]: STATE_HIPOT_OK_0;
08:29:53.787 | [Action]: QUERY_STATE_HIPOT
08:29:53.787 | [OK]: STATE_HIPOT_OK_0;
08:29:54.348 | [Action]: QUERY_STATE_HIPOT
08:29:54.348 | [OK]: STATE_HIPOT_OK_0;
08:29:54.894 | [Action]: QUERY_STATE_HIPOT
08:29:54.894 | [OK]: STATE_HIPOT_OK_0;
08:29:55.440 | [Action]: QUERY_STATE_HIPOT
08:29:55.440 | [OK]: STATE_HIPOT_OK_0;
08:29:56.002 | [Action]: QUERY_STATE_HIPOT
08:29:56.002 | [OK]: STATE_HIPOT_OK_0;
08:29:56.548 | [Action]: QUERY_STATE_HIPOT
08:29:56.548 | [OK]: STATE_HIPOT_OK_0;
08:29:57.094 | [Action]: QUERY_STATE_HIPOT
08:29:57.094 | [OK]: STATE_HIPOT_OK_0;
08:29:57.656 | [Action]: QUERY_STATE_HIPOT
08:29:57.656 | [OK]: STATE_HIPOT_OK_0;
08:29:58.202 | [Action]: QUERY_STATE_HIPOT
08:29:58.202 | [OK]: STATE_HIPOT_OK_0;
08:29:58.748 | [Action]: QUERY_STATE_HIPOT
08:29:58.748 | [OK]: STATE_HIPOT_OK_0;
08:29:59.309 | [Action]: QUERY_STATE_HIPOT
08:29:59.309 | [OK]: STATE_HIPOT_OK_0;
08:29:59.855 | [Action]: QUERY_STATE_HIPOT
08:29:59.855 | [OK]: STATE_HIPOT_OK_0;
08:30:00.401 | [Action]: QUERY_STATE_HIPOT
08:30:00.401 | [OK]: STATE_HIPOT_OK_0;
08:30:00.963 | [Action]: QUERY_STATE_HIPOT
08:30:00.963 | [OK]: STATE_HIPOT_OK_0;
08:30:01.509 | [Action]: QUERY_STATE_HIPOT
08:30:01.509 | [OK]: STATE_HIPOT_OK_0;
08:30:02.055 | [Action]: QUERY_STATE_HIPOT
08:30:02.055 | [OK]: STATE_HIPOT_OK_0;
08:30:02.616 | [Action]: QUERY_STATE_HIPOT
08:30:02.616 | [OK]: STATE_HIPOT_OK_0;
08:30:03.162 | [Action]: QUERY_STATE_HIPOT
08:30:03.162 | [OK]: STATE_HIPOT_OK_0;
08:30:03.708 | [Action]: QUERY_STATE_HIPOT
08:30:03.708 | [OK]: STATE_HIPOT_OK_0;
08:30:04.270 | [Action]: QUERY_STATE_HIPOT
08:30:04.270 | [OK]: STATE_HIPOT_OK_0;
08:30:04.816 | [Action]: QUERY_STATE_HIPOT
08:30:04.816 | [OK]: STATE_HIPOT_OK_0;
08:30:05.362 | [Action]: QUERY_STATE_HIPOT
08:30:05.362 | [OK]: STATE_HIPOT_OK_0;
08:30:05.908 | [Action]: QUERY_STATE_HIPOT
08:30:05.908 | [OK]: STATE_HIPOT_OK_0;
08:30:06.470 | [Action]: QUERY_STATE_HIPOT
08:30:06.470 | [OK]: STATE_HIPOT_OK_0;
08:30:07.016 | [Action]: QUERY_STATE_HIPOT
08:30:07.016 | [OK]: STATE_HIPOT_OK_0;
08:30:07.562 | [Action]: QUERY_STATE_HIPOT
08:30:07.562 | [OK]: STATE_HIPOT_OK_0;
08:30:08.123 | [Action]: QUERY_STATE_HIPOT
08:30:08.123 | [OK]: STATE_HIPOT_OK_0;
08:30:08.685 | [Action]: QUERY_STATE_HIPOT
08:30:08.685 | [OK]: STATE_HIPOT_OK_0;
08:30:09.231 | [Action]: QUERY_STATE_HIPOT
08:30:09.231 | [OK]: STATE_HIPOT_OK_0;
08:30:09.792 | [Action]: QUERY_STATE_HIPOT
08:30:09.792 | [OK]: STATE_HIPOT_OK_0;
08:30:10.338 | [Action]: QUERY_STATE_HIPOT
08:30:10.338 | [OK]: STATE_HIPOT_OK_0;
08:30:10.900 | [Action]: QUERY_STATE_HIPOT
08:30:10.900 | [OK]: STATE_HIPOT_OK_0;
08:30:11.446 | [Action]: QUERY_STATE_HIPOT
08:30:11.462 | [OK]: STATE_HIPOT_OK_0;
08:30:12.008 | [Action]: QUERY_STATE_HIPOT
08:30:12.008 | [OK]: STATE_HIPOT_OK_0;
08:30:12.554 | [Action]: QUERY_STATE_HIPOT
08:30:12.554 | [OK]: STATE_HIPOT_OK_0;
08:30:13.115 | [Action]: QUERY_STATE_HIPOT
08:30:13.115 | [OK]: STATE_HIPOT_OK_0;
08:30:13.661 | [Action]: QUERY_STATE_HIPOT
08:30:13.661 | [OK]: STATE_HIPOT_OK_0;
08:30:14.223 | [Action]: QUERY_STATE_HIPOT
08:30:14.223 | [OK]: STATE_HIPOT_OK_0;
08:30:14.769 | [Action]: QUERY_STATE_HIPOT
08:30:14.769 | [OK]: STATE_HIPOT_OK_0;
08:30:15.330 | [Action]: QUERY_STATE_HIPOT
08:30:15.330 | [OK]: STATE_HIPOT_OK_0;
08:30:15.892 | [Action]: QUERY_STATE_HIPOT
08:30:15.892 | [OK]: STATE_HIPOT_OK_0;
08:30:16.438 | [Action]: QUERY_STATE_HIPOT
08:30:16.438 | [OK]: STATE_HIPOT_OK_0;
08:30:16.984 | [Action]: QUERY_STATE_HIPOT
08:30:16.984 | [OK]: STATE_HIPOT_OK_0;
08:30:17.546 | [Action]: QUERY_STATE_HIPOT
08:30:17.546 | [OK]: STATE_HIPOT_OK_0;
08:30:18.092 | [Action]: QUERY_STATE_HIPOT
08:30:18.107 | [OK]: STATE_HIPOT_OK_0;
08:30:18.653 | [Action]: QUERY_STATE_HIPOT
08:30:18.653 | [OK]: STATE_HIPOT_OK_0;
08:30:19.199 | [Action]: QUERY_STATE_HIPOT
08:30:19.199 | [OK]: STATE_HIPOT_OK_0;
08:30:19.761 | [Action]: QUERY_STATE_HIPOT
08:30:19.761 | [OK]: STATE_HIPOT_OK_0;
08:30:20.307 | [Action]: QUERY_STATE_HIPOT
08:30:20.307 | [OK]: STATE_HIPOT_OK_0;
08:30:20.868 | [Action]: QUERY_STATE_HIPOT
08:30:20.868 | [OK]: STATE_HIPOT_OK_0;
08:30:21.414 | [Action]: QUERY_STATE_HIPOT
08:30:21.414 | [OK]: STATE_HIPOT_OK_0;
08:30:21.960 | [Action]: QUERY_STATE_HIPOT
08:30:21.976 | [OK]: STATE_HIPOT_OK_0;
08:30:22.506 | [Action]: QUERY_STATE_HIPOT
08:30:22.522 | [OK]: STATE_HIPOT_OK_0;
08:30:23.068 | [Action]: QUERY_STATE_HIPOT
08:30:23.068 | [OK]: STATE_HIPOT_OK_0;
08:30:23.614 | [Action]: QUERY_STATE_HIPOT
08:30:23.614 | [OK]: STATE_HIPOT_OK_0;
08:30:24.176 | [Action]: QUERY_STATE_HIPOT
08:30:24.191 | [OK]: STATE_HIPOT_OK_0;
08:30:24.722 | [Action]: QUERY_STATE_HIPOT
08:30:24.737 | [OK]: STATE_HIPOT_OK_0;
08:30:25.268 | [Action]: QUERY_STATE_HIPOT
08:30:25.283 | [OK]: STATE_HIPOT_OK_0;
08:30:25.829 | [Action]: QUERY_STATE_HIPOT
08:30:25.829 | [OK]: STATE_HIPOT_OK_0;
08:30:26.375 | [Action]: QUERY_STATE_HIPOT
08:30:26.391 | [OK]: STATE_HIPOT_OK_0;
08:30:26.921 | [Action]: QUERY_STATE_HIPOT
08:30:26.937 | [OK]: STATE_HIPOT_OK_0;
08:30:27.483 | [Action]: QUERY_STATE_HIPOT
08:30:27.483 | [OK]: STATE_HIPOT_OK_0;
08:30:28.044 | [Action]: QUERY_STATE_HIPOT
08:30:28.044 | [OK]: STATE_HIPOT_OK_0;
08:30:28.606 | [Action]: QUERY_STATE_HIPOT
08:30:28.606 | [OK]: STATE_HIPOT_OK_0;
08:30:29.152 | [Action]: QUERY_STATE_HIPOT
08:30:29.152 | [OK]: STATE_HIPOT_OK_0;
08:30:29.714 | [Action]: QUERY_STATE_HIPOT
08:30:29.729 | [OK]: STATE_HIPOT_OK_0;
08:30:30.275 | [Action]: QUERY_STATE_HIPOT
08:30:30.291 | [OK]: STATE_HIPOT_OK_0;
08:30:30.837 | [Action]: QUERY_STATE_HIPOT
08:30:30.837 | [OK]: STATE_HIPOT_OK_0;
08:30:31.398 | [Action]: QUERY_STATE_HIPOT
08:30:31.398 | [OK]: STATE_HIPOT_OK_0;
08:30:31.960 | [Action]: QUERY_STATE_HIPOT
08:30:31.960 | [OK]: STATE_HIPOT_OK_0;
08:30:32.506 | [Action]: QUERY_STATE_HIPOT
08:30:32.522 | [OK]: STATE_HIPOT_OK_0;
08:30:33.052 | [Action]: QUERY_STATE_HIPOT
08:30:33.068 | [OK]: STATE_HIPOT_OK_0;
08:30:33.598 | [Action]: QUERY_STATE_HIPOT
08:30:33.598 | [OK]: STATE_HIPOT_OK_0;
08:30:34.160 | [Action]: QUERY_STATE_HIPOT
08:30:34.160 | [OK]: STATE_HIPOT_OK_0;
08:30:34.706 | [Action]: QUERY_STATE_HIPOT
08:30:34.721 | [OK]: STATE_HIPOT_OK_0;
08:30:35.252 | [Action]: QUERY_STATE_HIPOT
08:30:35.252 | [OK]: STATE_HIPOT_OK_0;
08:30:35.813 | [Action]: QUERY_STATE_HIPOT
08:30:35.829 | [OK]: STATE_HIPOT_OK_0;
08:30:36.359 | [Action]: QUERY_STATE_HIPOT
08:30:36.375 | [OK]: STATE_HIPOT_OK_0;
08:30:36.905 | [Action]: QUERY_STATE_HIPOT
08:30:36.921 | [OK]: STATE_HIPOT_OK_0;
08:30:37.451 | [Action]: QUERY_STATE_HIPOT
08:30:37.467 | [OK]: STATE_HIPOT_OK_0;
08:30:38.013 | [Action]: QUERY_STATE_HIPOT
08:30:38.013 | [OK]: STATE_HIPOT_OK_0;
08:30:38.574 | [Action]: QUERY_STATE_HIPOT
08:30:38.574 | [OK]: STATE_HIPOT_OK_0;
08:30:39.136 | [Action]: QUERY_STATE_HIPOT
08:30:39.136 | [OK]: STATE_HIPOT_OK_0;
08:30:39.682 | [Action]: QUERY_STATE_HIPOT
08:30:39.698 | [OK]: STATE_HIPOT_OK_0;
08:30:40.228 | [Action]: QUERY_STATE_HIPOT
08:30:40.244 | [OK]: STATE_HIPOT_OK_0;
08:30:40.790 | [Action]: QUERY_STATE_HIPOT
08:30:40.805 | [OK]: STATE_HIPOT_OK_0;
08:30:41.336 | [Action]: QUERY_STATE_HIPOT
08:30:41.351 | [OK]: STATE_HIPOT_OK_0;
08:30:41.882 | [Action]: QUERY_STATE_HIPOT
08:30:41.897 | [OK]: STATE_HIPOT_OK_0;
08:30:42.443 | [Action]: QUERY_STATE_HIPOT
08:30:42.443 | [OK]: STATE_HIPOT_OK_0;
08:30:43.005 | [Action]: QUERY_STATE_HIPOT
08:30:43.005 | [OK]: STATE_HIPOT_OK_0;
08:30:43.566 | [Action]: QUERY_STATE_HIPOT
08:30:43.582 | [OK]: STATE_HIPOT_OK_0;
08:30:44.128 | [Action]: QUERY_STATE_HIPOT
08:30:44.128 | [OK]: STATE_HIPOT_OK_0;
08:30:44.690 | [Action]: QUERY_STATE_HIPOT
08:30:44.690 | [OK]: STATE_HIPOT_OK_0;
08:30:45.251 | [Action]: QUERY_STATE_HIPOT
08:30:45.251 | [OK]: STATE_HIPOT_OK_0;
08:30:45.813 | [Action]: QUERY_STATE_HIPOT
08:30:45.813 | [OK]: STATE_HIPOT_OK_0;
08:30:46.374 | [Action]: QUERY_STATE_HIPOT
08:30:46.374 | [OK]: STATE_HIPOT_OK_0;
08:30:46.936 | [Action]: QUERY_STATE_HIPOT
08:30:46.936 | [OK]: STATE_HIPOT_OK_0;
08:30:47.498 | [Action]: QUERY_STATE_HIPOT
08:30:47.498 | [OK]: STATE_HIPOT_OK_0;
08:30:48.059 | [Action]: QUERY_STATE_HIPOT
08:30:48.059 | [OK]: STATE_HIPOT_OK_0;
08:30:48.605 | [Action]: QUERY_STATE_HIPOT
08:30:48.605 | [OK]: STATE_HIPOT_OK_0;
08:30:49.167 | [Action]: QUERY_STATE_HIPOT
08:30:49.167 | [OK]: STATE_HIPOT_OK_0;
08:30:49.728 | [Action]: QUERY_STATE_HIPOT
08:30:49.728 | [OK]: STATE_HIPOT_OK_0;
08:30:50.290 | [Action]: QUERY_STATE_HIPOT
08:30:50.290 | [OK]: STATE_HIPOT_OK_0;
08:30:50.852 | [Action]: QUERY_STATE_HIPOT
08:30:50.852 | [OK]: STATE_HIPOT_OK_0;
08:30:51.413 | [Action]: QUERY_STATE_HIPOT
08:30:51.413 | [OK]: STATE_HIPOT_OK_0;
08:30:51.975 | [Action]: QUERY_STATE_HIPOT
08:30:51.975 | [OK]: STATE_HIPOT_OK_0;
08:30:52.536 | [Action]: QUERY_STATE_HIPOT
08:30:52.536 | [OK]: STATE_HIPOT_OK_0;
08:30:53.098 | [Action]: QUERY_STATE_HIPOT
08:30:53.114 | [OK]: STATE_HIPOT_OK_0;
08:30:53.660 | [Action]: QUERY_STATE_HIPOT
08:30:53.660 | [OK]: STATE_HIPOT_OK_0;
08:30:54.221 | [Action]: QUERY_STATE_HIPOT
08:30:54.237 | [OK]: STATE_HIPOT_OK_0;
08:30:54.783 | [Action]: QUERY_STATE_HIPOT
08:30:54.783 | [OK]: STATE_HIPOT_OK_0;
08:30:55.345 | [Action]: QUERY_STATE_HIPOT
08:30:55.345 | [OK]: STATE_HIPOT_OK_0;
08:30:55.891 | [Action]: QUERY_STATE_HIPOT
08:30:55.906 | [OK]: STATE_HIPOT_OK_0;
08:30:56.452 | [Action]: QUERY_STATE_HIPOT
08:30:56.468 | [OK]: STATE_HIPOT_OK_0;
08:30:57.014 | [Action]: QUERY_STATE_HIPOT
08:30:57.029 | [OK]: STATE_HIPOT_OK_0;
08:30:57.575 | [Action]: QUERY_STATE_HIPOT
08:30:57.591 | [OK]: STATE_HIPOT_OK_0;
08:30:58.137 | [Action]: QUERY_STATE_HIPOT
08:30:58.153 | [OK]: STATE_HIPOT_OK_0;
08:30:58.699 | [Action]: QUERY_STATE_HIPOT
08:30:58.714 | [OK]: STATE_HIPOT_OK_0;
08:30:59.260 | [Action]: QUERY_STATE_HIPOT
08:30:59.276 | [OK]: STATE_HIPOT_OK_0;
08:30:59.806 | [Action]: QUERY_STATE_HIPOT
08:30:59.822 | [OK]: STATE_HIPOT_OK_0;
08:31:00.352 | [Action]: QUERY_STATE_HIPOT
08:31:00.368 | [OK]: STATE_HIPOT_OK_0;
08:31:00.914 | [Action]: QUERY_STATE_HIPOT
08:31:00.929 | [OK]: STATE_HIPOT_OK_0;
08:31:01.460 | [Action]: QUERY_STATE_HIPOT
08:31:01.475 | [OK]: STATE_HIPOT_OK_0;
08:31:02.006 | [Action]: QUERY_STATE_HIPOT
08:31:02.021 | [OK]: STATE_HIPOT_OK_0;
08:31:02.567 | [Action]: QUERY_STATE_HIPOT
08:31:02.583 | [OK]: STATE_HIPOT_OK_0;
08:31:03.129 | [Action]: QUERY_STATE_HIPOT
08:31:03.145 | [OK]: STATE_HIPOT_OK_0;
08:31:03.675 | [Action]: QUERY_STATE_HIPOT
08:31:03.691 | [OK]: STATE_HIPOT_OK_0;
08:31:04.252 | [Action]: QUERY_STATE_HIPOT
08:31:04.252 | [OK]: STATE_HIPOT_OK_0;
08:31:04.814 | [Action]: QUERY_STATE_HIPOT
08:31:04.829 | [OK]: STATE_HIPOT_OK_0;
08:31:05.360 | [Action]: QUERY_STATE_HIPOT
08:31:05.375 | [OK]: STATE_HIPOT_OK_0;
08:31:05.921 | [Action]: QUERY_STATE_HIPOT
08:31:05.937 | [OK]: STATE_HIPOT_OK_0;
08:31:06.499 | [Action]: QUERY_STATE_HIPOT
08:31:06.499 | [OK]: STATE_HIPOT_OK_0;
08:31:07.060 | [Action]: QUERY_STATE_HIPOT
08:31:07.076 | [OK]: STATE_HIPOT_OK_0;
08:31:07.622 | [Action]: QUERY_STATE_HIPOT
08:31:07.637 | [OK]: STATE_HIPOT_OK_0;
08:31:07.653 | [Action]: 连接客户端[192.168.3.134:49175].
08:31:07.747 | [Action]: QUERY_STATE_ATE
08:31:07.747 | [OK]: STATE_ATE_OK_1;0009255613;yh;0;16;1CB8A71501,1CB8A71502,1CB8A71503,1CB8A71504,1CB8A71505,1CB8A71506,1CB8A71507,1CB8A71508,1CB8A71509,1CB8A71510,1CB8A71511,1CB8A71512,1CB8A71513,1CB8A71514,1CB8A71515,1CB8A71516
08:31:08.183 | [Action]: QUERY_STATE_HIPOT
08:31:08.199 | [OK]: STATE_HIPOT_OK_0;
08:31:08.745 | [Action]: QUERY_STATE_HIPOT
08:31:08.761 | [OK]: STATE_HIPOT_OK_0;
08:31:09.307 | [Action]: QUERY_STATE_HIPOT
08:31:09.322 | [OK]: STATE_HIPOT_OK_0;
08:31:09.868 | [Action]: QUERY_STATE_HIPOT
08:31:09.884 | [OK]: STATE_HIPOT_OK_0;
08:31:10.414 | [Action]: QUERY_STATE_HIPOT
08:31:10.430 | [OK]: STATE_HIPOT_OK_0;
08:31:10.898 | [Action]: QUERY_STATE_ATE
08:31:10.913 | [OK]: STATE_ATE_OK_1;0009255613;yh;0;16;1CB8A71501,1CB8A71502,1CB8A71503,1CB8A71504,1CB8A71505,1CB8A71506,1CB8A71507,1CB8A71508,1CB8A71509,1CB8A71510,1CB8A71511,1CB8A71512,1CB8A71513,1CB8A71514,1CB8A71515,1CB8A71516
08:31:10.929 | [Action]: START_TEST_ATE
08:31:10.929 | [OK]: START_ATE_OK
08:31:10.991 | [Action]: QUERY_STATE_HIPOT
08:31:11.007 | [OK]: STATE_HIPOT_OK_0;
08:31:11.553 | [Action]: QUERY_STATE_HIPOT
08:31:11.569 | [OK]: STATE_HIPOT_OK_0;
08:31:12.115 | [Action]: QUERY_STATE_HIPOT
08:31:12.115 | [OK]: STATE_HIPOT_OK_0;
08:31:12.676 | [Action]: QUERY_STATE_HIPOT
08:31:12.692 | [OK]: STATE_HIPOT_OK_0;
08:31:13.222 | [Action]: QUERY_STATE_HIPOT
08:31:13.238 | [OK]: STATE_HIPOT_OK_0;
08:31:13.768 | [Action]: QUERY_STATE_HIPOT
08:31:13.784 | [OK]: STATE_HIPOT_OK_0;
08:31:14.345 | [Action]: QUERY_STATE_HIPOT
08:31:14.361 | [OK]: STATE_HIPOT_OK_0;
08:31:14.907 | [Action]: QUERY_STATE_HIPOT
08:31:14.923 | [OK]: STATE_HIPOT_OK_0;
08:31:15.469 | [Action]: QUERY_STATE_HIPOT
08:31:15.484 | [OK]: STATE_HIPOT_OK_0;
08:31:16.015 | [Action]: QUERY_STATE_HIPOT
08:31:16.030 | [OK]: STATE_HIPOT_OK_0;
08:31:16.576 | [Action]: QUERY_STATE_HIPOT
08:31:16.592 | [OK]: STATE_HIPOT_OK_0;
08:31:17.153 | [Action]: QUERY_STATE_HIPOT
08:31:17.153 | [OK]: STATE_HIPOT_OK_0;
08:31:17.715 | [Action]: QUERY_STATE_HIPOT
08:31:17.715 | [OK]: STATE_HIPOT_OK_0;
08:31:18.261 | [Action]: QUERY_STATE_HIPOT
08:31:18.277 | [OK]: STATE_HIPOT_OK_0;
08:31:18.823 | [Action]: QUERY_STATE_HIPOT
08:31:18.823 | [OK]: STATE_HIPOT_OK_0;
08:31:19.369 | [Action]: QUERY_STATE_HIPOT
08:31:19.384 | [OK]: STATE_HIPOT_OK_0;
08:31:19.930 | [Action]: QUERY_STATE_HIPOT
08:31:19.930 | [OK]: STATE_HIPOT_OK_0;
08:31:20.336 | [Action]: END_TEST_ATE_16;0009255613;0,0,0,0,0,0,0,0,0,0,0,0,0,0,0,0
08:31:20.336 | [OK]: END_ATE_OK
08:31:20.492 | [Action]: QUERY_STATE_HIPOT
08:31:20.507 | [OK]: STATE_HIPOT_OK_0;
08:31:20.554 | [Action]: QUERY_STATE_ATE
08:31:20.554 | [OK]: STATE_ATE_OK_0;
08:31:20.773 | [Action]: QUERY_STATE_ATE
08:31:20.773 | [OK]: STATE_ATE_OK_0;
08:31:20.991 | [Action]: QUERY_STATE_ATE
08:31:20.991 | [OK]: STATE_ATE_OK_0;
08:31:21.053 | [Action]: QUERY_STATE_HIPOT
08:31:21.069 | [OK]: STATE_HIPOT_OK_0;
08:31:21.209 | [Action]: QUERY_STATE_ATE
08:31:21.225 | [OK]: STATE_ATE_OK_0;
08:31:21.428 | [Action]: QUERY_STATE_ATE
08:31:21.428 | [OK]: STATE_ATE_OK_0;
08:31:21.631 | [Action]: QUERY_STATE_HIPOT
08:31:21.646 | [OK]: STATE_HIPOT_OK_0;
08:31:21.662 | [Action]: QUERY_STATE_ATE
08:31:21.677 | [OK]: STATE_ATE_OK_0;
08:31:21.896 | [Action]: QUERY_STATE_ATE
08:31:21.911 | [OK]: STATE_ATE_OK_0;
08:31:22.114 | [Action]: QUERY_STATE_ATE
08:31:22.130 | [OK]: STATE_ATE_OK_0;
08:31:22.177 | [Action]: QUERY_STATE_HIPOT
08:31:22.192 | [OK]: STATE_HIPOT_OK_0;
08:31:22.348 | [Action]: QUERY_STATE_ATE
08:31:22.364 | [OK]: STATE_ATE_OK_0;
08:31:22.582 | [Action]: QUERY_STATE_ATE
08:31:22.582 | [OK]: STATE_ATE_OK_0;
08:31:22.738 | [Action]: QUERY_STATE_HIPOT
08:31:22.754 | [OK]: STATE_HIPOT_OK_0;
08:31:22.801 | [Action]: QUERY_STATE_ATE
08:31:22.816 | [OK]: STATE_ATE_OK_0;
08:31:23.019 | [Action]: QUERY_STATE_ATE
08:31:23.035 | [OK]: STATE_ATE_OK_0;
08:31:23.237 | [Action]: QUERY_STATE_ATE
08:31:23.253 | [OK]: STATE_ATE_OK_0;
08:31:23.300 | [Action]: QUERY_STATE_HIPOT
08:31:23.315 | [OK]: STATE_HIPOT_OK_0;
08:31:23.456 | [Action]: QUERY_STATE_ATE
08:31:23.471 | [OK]: STATE_ATE_OK_0;
08:31:23.674 | [Action]: QUERY_STATE_ATE
08:31:23.674 | [OK]: STATE_ATE_OK_0;
08:31:23.877 | [Action]: QUERY_STATE_HIPOT
08:31:23.893 | [OK]: STATE_HIPOT_OK_0;
08:31:23.908 | [Action]: QUERY_STATE_ATE
08:31:23.924 | [OK]: STATE_ATE_OK_0;
08:31:24.142 | [Action]: QUERY_STATE_ATE
08:31:24.142 | [OK]: STATE_ATE_OK_0;
08:31:24.361 | [Action]: QUERY_STATE_ATE
08:31:24.361 | [OK]: STATE_ATE_OK_0;
08:31:24.423 | [Action]: QUERY_STATE_HIPOT
08:31:24.439 | [OK]: STATE_HIPOT_OK_0;
08:31:24.579 | [Action]: QUERY_STATE_ATE
08:31:24.595 | [OK]: STATE_ATE_OK_0;
08:31:24.797 | [Action]: QUERY_STATE_ATE
08:31:24.813 | [OK]: STATE_ATE_OK_0;
08:31:24.985 | [Action]: QUERY_STATE_HIPOT
08:31:25.000 | [OK]: STATE_HIPOT_OK_0;
08:31:25.016 | [Action]: QUERY_STATE_ATE
08:31:25.031 | [OK]: STATE_ATE_OK_0;
08:31:25.234 | [Action]: QUERY_STATE_ATE
08:31:25.250 | [OK]: STATE_ATE_OK_0;
08:31:25.468 | [Action]: QUERY_STATE_ATE
08:31:25.484 | [OK]: STATE_ATE_OK_0;
08:31:25.562 | [Action]: QUERY_STATE_HIPOT
08:31:25.577 | [OK]: STATE_HIPOT_OK_0;
08:31:25.687 | [Action]: QUERY_STATE_ATE
08:31:25.702 | [OK]: STATE_ATE_OK_0;
08:31:25.905 | [Action]: QUERY_STATE_ATE
08:31:25.905 | [OK]: STATE_ATE_OK_0;
08:31:26.123 | [Action]: QUERY_STATE_ATE
08:31:26.123 | [OK]: STATE_ATE_OK_0;
08:31:26.155 | [Action]: QUERY_STATE_HIPOT
08:31:26.170 | [OK]: STATE_HIPOT_OK_0;
08:31:26.342 | [Action]: QUERY_STATE_ATE
08:31:26.342 | [OK]: STATE_ATE_OK_0;
08:31:26.560 | [Action]: QUERY_STATE_ATE
08:31:26.576 | [OK]: STATE_ATE_OK_0;
08:31:26.716 | [Action]: QUERY_STATE_HIPOT
08:31:26.732 | [OK]: STATE_HIPOT_OK_0;
08:31:26.779 | [Action]: QUERY_STATE_ATE
08:31:26.794 | [OK]: STATE_ATE_OK_0;
08:31:26.997 | [Action]: QUERY_STATE_ATE
08:31:27.013 | [OK]: STATE_ATE_OK_0;
08:31:27.215 | [Action]: QUERY_STATE_ATE
08:31:27.215 | [OK]: STATE_ATE_OK_0;
08:31:27.278 | [Action]: QUERY_STATE_HIPOT
08:31:27.293 | [OK]: STATE_HIPOT_OK_0;
08:31:27.434 | [Action]: QUERY_STATE_ATE
08:31:27.434 | [OK]: STATE_ATE_OK_0;
08:31:27.652 | [Action]: QUERY_STATE_ATE
08:31:27.652 | [OK]: STATE_ATE_OK_0;
08:31:27.839 | [Action]: QUERY_STATE_HIPOT
08:31:27.855 | [OK]: STATE_HIPOT_OK_0;
08:31:27.871 | [Action]: QUERY_STATE_ATE
08:31:27.871 | [OK]: STATE_ATE_OK_0;
08:31:28.089 | [Action]: QUERY_STATE_ATE
08:31:28.089 | [OK]: STATE_ATE_OK_0;
08:31:28.307 | [Action]: QUERY_STATE_ATE
08:31:28.323 | [OK]: STATE_ATE_OK_0;
08:31:28.385 | [Action]: QUERY_STATE_HIPOT
08:31:28.401 | [OK]: STATE_HIPOT_OK_0;
08:31:28.526 | [Action]: QUERY_STATE_ATE
08:31:28.541 | [OK]: STATE_ATE_OK_0;
08:31:28.744 | [Action]: QUERY_STATE_ATE
08:31:28.744 | [OK]: STATE_ATE_OK_0;
08:31:28.963 | [Action]: QUERY_STATE_ATE
08:31:28.963 | [OK]: STATE_ATE_OK_0;
08:31:28.994 | [Action]: QUERY_STATE_HIPOT
08:31:29.009 | [OK]: STATE_HIPOT_OK_0;
08:31:29.181 | [Action]: QUERY_STATE_ATE
08:31:29.181 | [OK]: STATE_ATE_OK_0;
08:31:29.399 | [Action]: QUERY_STATE_ATE
08:31:29.415 | [OK]: STATE_ATE_OK_0;
08:31:29.555 | [Action]: QUERY_STATE_HIPOT
08:31:29.571 | [OK]: STATE_HIPOT_OK_0;
08:31:29.618 | [Action]: QUERY_STATE_ATE
08:31:29.649 | [OK]: STATE_ATE_OK_0;
08:31:29.867 | [Action]: QUERY_STATE_ATE
08:31:29.883 | [OK]: STATE_ATE_OK_0;
08:31:30.086 | [Action]: QUERY_STATE_ATE
08:31:30.101 | [OK]: STATE_ATE_OK_0;
08:31:30.117 | [Action]: QUERY_STATE_HIPOT
08:31:30.148 | [OK]: STATE_HIPOT_OK_0;
08:31:30.304 | [Action]: QUERY_STATE_ATE
08:31:30.320 | [OK]: STATE_ATE_OK_0;
08:31:30.538 | [Action]: QUERY_STATE_ATE
08:31:30.554 | [OK]: STATE_ATE_OK_0;
08:31:30.679 | [Action]: QUERY_STATE_HIPOT
08:31:30.694 | [OK]: STATE_HIPOT_OK_0;
08:31:30.772 | [Action]: QUERY_STATE_ATE
08:31:30.772 | [OK]: STATE_ATE_OK_0;
08:31:30.991 | [Action]: QUERY_STATE_ATE
08:31:30.991 | [OK]: STATE_ATE_OK_0;
08:31:31.209 | [Action]: QUERY_STATE_ATE
08:31:31.225 | [OK]: STATE_ATE_OK_0;
08:31:31.240 | [Action]: QUERY_STATE_HIPOT
08:31:31.271 | [OK]: STATE_HIPOT_OK_0;
08:31:31.427 | [Action]: QUERY_STATE_ATE
08:31:31.443 | [OK]: STATE_ATE_OK_0;
08:31:31.646 | [Action]: QUERY_STATE_ATE
08:31:31.661 | [OK]: STATE_ATE_OK_0;
08:31:31.833 | [Action]: QUERY_STATE_HIPOT
08:31:31.849 | [OK]: STATE_HIPOT_OK_0;
08:31:31.864 | [Action]: QUERY_STATE_ATE
08:31:31.895 | [OK]: STATE_ATE_OK_0;
08:31:32.098 | [Action]: QUERY_STATE_ATE
08:31:32.114 | [OK]: STATE_ATE_OK_0;
08:31:32.317 | [Action]: QUERY_STATE_ATE
08:31:32.332 | [OK]: STATE_ATE_OK_0;
08:31:32.379 | [Action]: QUERY_STATE_HIPOT
08:31:32.395 | [OK]: STATE_HIPOT_OK_0;
08:31:32.535 | [Action]: QUERY_STATE_ATE
08:31:32.551 | [OK]: STATE_ATE_OK_0;
08:31:32.753 | [Action]: QUERY_STATE_ATE
08:31:32.769 | [OK]: STATE_ATE_OK_2;0009255613;yh;0;16;1CB8A71501,1CB8A71502,1CB8A71503,1CB8A71504,1CB8A71505,1CB8A71506,1CB8A71507,1CB8A71508,1CB8A71509,1CB8A71510,1CB8A71511,1CB8A71512,1CB8A71513,1CB8A71514,1CB8A71515,1CB8A71516
08:31:32.800 | [Action]: START_TEST_ATE
08:31:32.831 | [OK]: START_ATE_OK
08:31:32.956 | [Action]: QUERY_STATE_HIPOT
08:31:32.987 | [OK]: STATE_HIPOT_OK_0;
08:31:33.533 | [Action]: QUERY_STATE_HIPOT
08:31:33.549 | [OK]: STATE_HIPOT_OK_0;
08:31:34.079 | [Action]: QUERY_STATE_HIPOT
08:31:34.095 | [OK]: STATE_HIPOT_OK_0;
08:31:34.641 | [Action]: QUERY_STATE_HIPOT
08:31:34.657 | [OK]: STATE_HIPOT_OK_0;
08:31:35.187 | [Action]: QUERY_STATE_HIPOT
08:31:35.203 | [OK]: STATE_HIPOT_OK_0;
08:31:35.733 | [Action]: QUERY_STATE_HIPOT
08:31:35.749 | [OK]: STATE_HIPOT_OK_0;
08:31:36.295 | [Action]: QUERY_STATE_HIPOT
08:31:36.310 | [OK]: STATE_HIPOT_OK_0;
08:31:36.872 | [Action]: QUERY_STATE_HIPOT
08:31:36.887 | [OK]: STATE_HIPOT_OK_0;
08:31:37.433 | [Action]: QUERY_STATE_HIPOT
08:31:37.449 | [OK]: STATE_HIPOT_OK_0;
08:31:37.979 | [Action]: QUERY_STATE_HIPOT
08:31:37.995 | [OK]: STATE_HIPOT_OK_0;
08:31:38.541 | [Action]: QUERY_STATE_HIPOT
08:31:38.557 | [OK]: STATE_HIPOT_OK_0;
08:31:39.118 | [Action]: QUERY_STATE_HIPOT
08:31:39.134 | [OK]: STATE_HIPOT_OK_0;
08:31:39.664 | [Action]: QUERY_STATE_HIPOT
08:31:39.680 | [OK]: STATE_HIPOT_OK_0;
08:31:40.257 | [Action]: QUERY_STATE_HIPOT
08:31:40.273 | [OK]: STATE_HIPOT_OK_0;
08:31:40.819 | [Action]: QUERY_STATE_HIPOT
08:31:40.834 | [OK]: STATE_HIPOT_OK_0;
08:31:41.380 | [Action]: QUERY_STATE_HIPOT
08:31:41.396 | [OK]: STATE_HIPOT_OK_0;
08:31:41.942 | [Action]: QUERY_STATE_HIPOT
08:31:41.957 | [OK]: STATE_HIPOT_OK_0;
08:31:42.535 | [Action]: QUERY_STATE_HIPOT
08:31:42.550 | [OK]: STATE_HIPOT_OK_0;
08:31:43.081 | [Action]: QUERY_STATE_HIPOT
08:31:43.096 | [OK]: STATE_HIPOT_OK_0;
08:31:43.642 | [Action]: QUERY_STATE_HIPOT
08:31:43.658 | [OK]: STATE_HIPOT_OK_0;
08:31:44.219 | [Action]: QUERY_STATE_HIPOT
08:31:44.235 | [OK]: STATE_HIPOT_OK_0;
08:31:44.797 | [Action]: QUERY_STATE_HIPOT
08:31:44.812 | [OK]: STATE_HIPOT_OK_0;
08:31:45.358 | [Action]: QUERY_STATE_HIPOT
08:31:45.389 | [OK]: STATE_HIPOT_OK_0;
08:31:45.935 | [Action]: QUERY_STATE_HIPOT
08:31:45.951 | [OK]: STATE_HIPOT_OK_0;
08:31:46.513 | [Action]: QUERY_STATE_HIPOT
08:31:46.528 | [OK]: STATE_HIPOT_OK_0;
08:31:47.090 | [Action]: QUERY_STATE_HIPOT
08:31:47.105 | [OK]: STATE_HIPOT_OK_0;
08:31:47.651 | [Action]: QUERY_STATE_HIPOT
08:31:47.683 | [OK]: STATE_HIPOT_OK_0;
08:31:48.229 | [Action]: QUERY_STATE_HIPOT
08:31:48.260 | [OK]: STATE_HIPOT_OK_0;
08:31:48.790 | [Action]: QUERY_STATE_HIPOT
08:31:48.806 | [OK]: STATE_HIPOT_OK_0;
08:31:49.367 | [Action]: QUERY_STATE_HIPOT
08:31:49.383 | [OK]: STATE_HIPOT_OK_0;
08:31:49.945 | [Action]: QUERY_STATE_HIPOT
08:31:49.960 | [OK]: STATE_HIPOT_OK_0;
08:31:50.506 | [Action]: QUERY_STATE_HIPOT
08:31:50.537 | [OK]: STATE_HIPOT_OK_0;
08:31:51.083 | [Action]: QUERY_STATE_HIPOT
08:31:51.115 | [OK]: STATE_HIPOT_OK_0;
08:31:51.645 | [Action]: QUERY_STATE_HIPOT
08:31:51.661 | [OK]: STATE_HIPOT_OK_0;
08:31:52.207 | [Action]: QUERY_STATE_HIPOT
08:31:52.238 | [OK]: STATE_HIPOT_OK_0;
08:31:52.784 | [Action]: QUERY_STATE_HIPOT
08:31:52.815 | [OK]: STATE_HIPOT_OK_0;
08:31:53.361 | [Action]: QUERY_STATE_HIPOT
08:31:53.377 | [OK]: STATE_HIPOT_OK_0;
08:31:53.923 | [Action]: QUERY_STATE_HIPOT
08:31:53.938 | [OK]: STATE_HIPOT_OK_0;
08:31:54.484 | [Action]: QUERY_STATE_HIPOT
08:31:54.515 | [OK]: STATE_HIPOT_OK_0;
08:31:55.061 | [Action]: QUERY_STATE_HIPOT
08:31:55.093 | [OK]: STATE_HIPOT_OK_0;
08:31:55.498 | [Action]: END_TEST_ATE_16;0009255613;0,0,0,0,0,0,0,0,0,0,0,0,1,1,1,1
08:31:55.514 | [OK]: END_ATE_OK
08:31:55.623 | [Action]: QUERY_STATE_HIPOT
08:31:55.639 | [OK]: STATE_HIPOT_OK_0;
08:31:55.717 | [Action]: QUERY_STATE_ATE
08:31:55.732 | [OK]: STATE_ATE_OK_0;
08:31:55.935 | [Action]: QUERY_STATE_ATE
08:31:55.951 | [OK]: STATE_ATE_OK_0;
08:31:56.153 | [Action]: QUERY_STATE_ATE
08:31:56.169 | [OK]: STATE_ATE_OK_0;
08:31:56.200 | [Action]: QUERY_STATE_HIPOT
08:31:56.231 | [OK]: STATE_HIPOT_OK_0;
08:31:56.372 | [Action]: QUERY_STATE_ATE
08:31:56.387 | [OK]: STATE_ATE_OK_0;
08:31:56.590 | [Action]: QUERY_STATE_ATE
08:31:56.606 | [OK]: STATE_ATE_OK_0;
08:31:56.762 | [Action]: QUERY_STATE_HIPOT
08:31:56.793 | [OK]: STATE_HIPOT_OK_0;
08:31:56.809 | [Action]: QUERY_STATE_ATE
08:31:56.840 | [OK]: STATE_ATE_OK_0;
08:31:57.027 | [Action]: QUERY_STATE_ATE
08:31:57.043 | [OK]: STATE_ATE_OK_0;
08:31:57.245 | [Action]: QUERY_STATE_ATE
08:31:57.261 | [OK]: STATE_ATE_OK_0;
08:31:57.323 | [Action]: QUERY_STATE_HIPOT
08:31:57.355 | [OK]: STATE_HIPOT_OK_0;
08:31:57.464 | [Action]: QUERY_STATE_ATE
08:31:57.479 | [OK]: STATE_ATE_OK_0;
08:31:57.682 | [Action]: QUERY_STATE_ATE
08:31:57.698 | [OK]: STATE_ATE_OK_0;
08:31:57.901 | [Action]: QUERY_STATE_ATE
08:31:57.916 | [OK]: STATE_ATE_OK_0;
08:31:57.932 | [Action]: QUERY_STATE_HIPOT
08:31:57.947 | [OK]: STATE_HIPOT_OK_0;
08:31:58.119 | [Action]: QUERY_STATE_ATE
08:31:58.135 | [OK]: STATE_ATE_OK_0;
08:31:58.337 | [Action]: QUERY_STATE_ATE
08:31:58.353 | [OK]: STATE_ATE_OK_0;
08:31:58.493 | [Action]: QUERY_STATE_HIPOT
08:31:58.509 | [OK]: STATE_HIPOT_OK_0;
08:31:58.556 | [Action]: QUERY_STATE_ATE
08:31:58.587 | [OK]: STATE_ATE_OK_0;
08:31:58.805 | [Action]: QUERY_STATE_ATE
08:31:58.821 | [OK]: STATE_ATE_OK_0;
08:31:59.024 | [Action]: QUERY_STATE_ATE
08:31:59.039 | [OK]: STATE_ATE_OK_0;
08:31:59.071 | [Action]: QUERY_STATE_HIPOT
08:31:59.102 | [OK]: STATE_HIPOT_OK_0;
08:31:59.258 | [Action]: QUERY_STATE_ATE
08:31:59.273 | [OK]: STATE_ATE_OK_0;
08:31:59.492 | [Action]: QUERY_STATE_ATE
08:31:59.507 | [OK]: STATE_ATE_OK_0;
08:31:59.648 | [Action]: QUERY_STATE_HIPOT
08:31:59.663 | [OK]: STATE_HIPOT_OK_0;
08:31:59.710 | [Action]: QUERY_STATE_ATE
08:31:59.726 | [OK]: STATE_ATE_OK_0;
08:31:59.929 | [Action]: QUERY_STATE_ATE
08:31:59.944 | [OK]: STATE_ATE_OK_0;
08:32:00.147 | [Action]: QUERY_STATE_ATE
08:32:00.163 | [OK]: STATE_ATE_OK_0;
08:32:00.225 | [Action]: QUERY_STATE_HIPOT
08:32:00.241 | [OK]: STATE_HIPOT_OK_0;
08:32:00.365 | [Action]: QUERY_STATE_ATE
08:32:00.381 | [OK]: STATE_ATE_OK_0;
08:32:00.584 | [Action]: QUERY_STATE_ATE
08:32:00.599 | [OK]: STATE_ATE_OK_0;
08:32:00.771 | [Action]: QUERY_STATE_HIPOT
08:32:00.802 | [OK]: STATE_HIPOT_OK_0;
08:32:00.833 | [Action]: QUERY_STATE_ATE
08:32:00.849 | [OK]: STATE_ATE_OK_0;
08:32:01.052 | [Action]: QUERY_STATE_ATE
08:32:01.067 | [OK]: STATE_ATE_OK_0;
08:32:01.286 | [Action]: QUERY_STATE_ATE
08:32:01.286 | [OK]: STATE_ATE_OK_0;
08:32:01.348 | [Action]: QUERY_STATE_HIPOT
08:32:01.379 | [OK]: STATE_HIPOT_OK_0;
08:32:01.504 | [Action]: QUERY_STATE_ATE
08:32:01.520 | [OK]: STATE_ATE_OK_0;
08:32:01.723 | [Action]: QUERY_STATE_ATE
08:32:01.738 | [OK]: STATE_ATE_OK_0;
08:32:01.925 | [Action]: QUERY_STATE_HIPOT
08:32:01.941 | [OK]: STATE_HIPOT_OK_0;
08:32:01.972 | [Action]: QUERY_STATE_ATE
08:32:01.988 | [OK]: STATE_ATE_OK_0;
08:32:02.206 | [Action]: QUERY_STATE_ATE
08:32:02.222 | [OK]: STATE_ATE_OK_0;
08:32:02.425 | [Action]: QUERY_STATE_ATE
08:32:02.440 | [OK]: STATE_ATE_OK_0;
08:32:02.471 | [Action]: QUERY_STATE_HIPOT
08:32:02.503 | [OK]: STATE_HIPOT_OK_0;
08:32:02.643 | [Action]: QUERY_STATE_ATE
08:32:02.674 | [OK]: STATE_ATE_OK_0;
08:32:02.893 | [Action]: QUERY_STATE_ATE
08:32:02.908 | [OK]: STATE_ATE_OK_0;
08:32:03.049 | [Action]: QUERY_STATE_HIPOT
08:32:03.064 | [OK]: STATE_HIPOT_OK_0;
08:32:03.111 | [Action]: QUERY_STATE_ATE
08:32:03.127 | [OK]: STATE_ATE_OK_0;
08:32:03.329 | [Action]: QUERY_STATE_ATE
08:32:03.345 | [OK]: STATE_ATE_OK_0;
08:32:03.548 | [Action]: QUERY_STATE_ATE
08:32:03.563 | [OK]: STATE_ATE_OK_0;
08:32:03.641 | [Action]: QUERY_STATE_HIPOT
08:32:03.657 | [OK]: STATE_HIPOT_OK_0;
08:32:03.782 | [Action]: QUERY_STATE_ATE
08:32:03.797 | [OK]: STATE_ATE_OK_0;
08:32:04.000 | [Action]: QUERY_STATE_ATE
08:32:04.016 | [OK]: STATE_ATE_OK_0;
08:32:04.187 | [Action]: QUERY_STATE_HIPOT
08:32:04.203 | [OK]: STATE_HIPOT_OK_0;
08:32:04.219 | [Action]: QUERY_STATE_ATE
08:32:04.234 | [OK]: STATE_ATE_OK_0;
08:32:04.437 | [Action]: QUERY_STATE_ATE
08:32:04.453 | [OK]: STATE_ATE_OK_0;
08:32:04.655 | [Action]: QUERY_STATE_ATE
08:32:04.671 | [OK]: STATE_ATE_OK_0;
08:32:04.765 | [Action]: QUERY_STATE_HIPOT
08:32:04.780 | [OK]: STATE_HIPOT_OK_0;
08:32:04.874 | [Action]: QUERY_STATE_ATE
08:32:04.905 | [OK]: STATE_ATE_OK_0;
08:32:05.123 | [Action]: QUERY_STATE_ATE
08:32:05.139 | [OK]: STATE_ATE_OK_0;
08:32:05.342 | [Action]: QUERY_STATE_ATE
08:32:05.357 | [OK]: STATE_ATE_OK_0;
08:32:05.373 | [Action]: QUERY_STATE_HIPOT
08:32:05.389 | [OK]: STATE_HIPOT_OK_0;
08:32:05.560 | [Action]: QUERY_STATE_ATE
08:32:05.576 | [OK]: STATE_ATE_OK_0;
08:32:05.779 | [Action]: QUERY_STATE_ATE
08:32:05.794 | [OK]: STATE_ATE_OK_0;
08:32:05.919 | [Action]: QUERY_STATE_HIPOT
08:32:05.935 | [OK]: STATE_HIPOT_OK_0;
08:32:05.997 | [Action]: QUERY_STATE_ATE
08:32:06.013 | [OK]: STATE_ATE_OK_0;
08:32:06.215 | [Action]: QUERY_STATE_ATE
08:32:06.215 | [OK]: STATE_ATE_OK_0;
08:32:06.434 | [Action]: QUERY_STATE_ATE
08:32:06.434 | [OK]: STATE_ATE_OK_0;
08:32:06.496 | [Action]: QUERY_STATE_HIPOT
08:32:06.512 | [OK]: STATE_HIPOT_OK_0;
08:32:06.652 | [Action]: QUERY_STATE_ATE
08:32:06.652 | [OK]: STATE_ATE_OK_0;
08:32:06.871 | [Action]: QUERY_STATE_ATE
08:32:06.886 | [OK]: STATE_ATE_OK_0;
08:32:07.073 | [Action]: QUERY_STATE_HIPOT
08:32:07.089 | [OK]: STATE_HIPOT_OK_0;
08:32:07.105 | [Action]: QUERY_STATE_ATE
08:32:07.136 | [OK]: STATE_ATE_OK_0;
08:32:07.354 | [Action]: QUERY_STATE_ATE
08:32:07.370 | [OK]: STATE_ATE_OK_0;
08:32:07.588 | [Action]: QUERY_STATE_ATE
08:32:07.588 | [OK]: STATE_ATE_OK_0;
08:32:07.619 | [Action]: QUERY_STATE_HIPOT
08:32:07.651 | [OK]: STATE_HIPOT_OK_0;
08:32:07.807 | [Action]: QUERY_STATE_ATE
08:32:07.822 | [OK]: STATE_ATE_OK_0;
08:32:08.025 | [Action]: QUERY_STATE_ATE
08:32:08.041 | [OK]: STATE_ATE_OK_0;
08:32:08.197 | [Action]: QUERY_STATE_HIPOT
08:32:08.212 | [OK]: STATE_HIPOT_OK_0;
08:32:08.243 | [Action]: QUERY_STATE_ATE
08:32:08.259 | [OK]: STATE_ATE_OK_0;
08:32:08.462 | [Action]: QUERY_STATE_ATE
08:32:08.477 | [OK]: STATE_ATE_OK_0;
08:32:08.680 | [Action]: QUERY_STATE_ATE
08:32:08.696 | [OK]: STATE_ATE_OK_0;
08:32:08.789 | [Action]: QUERY_STATE_HIPOT
08:32:08.805 | [OK]: STATE_HIPOT_OK_0;
08:32:08.899 | [Action]: QUERY_STATE_ATE
08:32:08.914 | [OK]: STATE_ATE_OK_0;
08:32:09.133 | [Action]: QUERY_STATE_ATE
08:32:09.148 | [OK]: STATE_ATE_OK_0;
08:32:09.320 | [Action]: QUERY_STATE_HIPOT
08:32:09.335 | [OK]: STATE_HIPOT_OK_0;
08:32:09.351 | [Action]: QUERY_STATE_ATE
08:32:09.351 | [OK]: STATE_ATE_OK_0;
08:32:09.569 | [Action]: QUERY_STATE_ATE
08:32:09.585 | [OK]: STATE_ATE_OK_0;
08:32:09.788 | [Action]: QUERY_STATE_ATE
08:32:09.819 | [OK]: STATE_ATE_OK_0;
08:32:09.913 | [Action]: QUERY_STATE_HIPOT
08:32:09.928 | [OK]: STATE_HIPOT_OK_0;
08:32:10.022 | [Action]: QUERY_STATE_ATE
08:32:10.022 | [OK]: STATE_ATE_OK_0;
08:32:10.240 | [Action]: QUERY_STATE_ATE
08:32:10.240 | [OK]: STATE_ATE_OK_0;
08:32:10.459 | [Action]: QUERY_STATE_ATE
08:32:10.459 | [OK]: STATE_ATE_OK_0;
08:32:10.505 | [Action]: QUERY_STATE_HIPOT
08:32:10.505 | [OK]: STATE_HIPOT_OK_0;
08:32:10.677 | [Action]: QUERY_STATE_ATE
08:32:10.677 | [OK]: STATE_ATE_OK_0;
08:32:10.880 | [Action]: QUERY_STATE_ATE
08:32:10.895 | [OK]: STATE_ATE_OK_0;
08:32:11.051 | [Action]: QUERY_STATE_HIPOT
08:32:11.067 | [OK]: STATE_HIPOT_OK_0;
08:32:11.114 | [Action]: QUERY_STATE_ATE
08:32:11.129 | [OK]: STATE_ATE_OK_0;
09:42:58.192 | [Content]: 服务器开始启动监听数据...
09:43:01.094 | [Action]: 服务端启动监听[端口:8000]
09:43:02.373 | [Action]: 连接客户端[192.168.3.134:49191].
09:43:02.638 | [Action]: QUERY_STATE_ATE
09:43:02.638 | [OK]: STATE_ATE_OK_0;
09:43:02.857 | [Action]: QUERY_STATE_ATE
09:43:02.857 | [OK]: STATE_ATE_OK_0;
09:43:03.080 | [Action]: QUERY_STATE_ATE
09:43:03.083 | [OK]: STATE_ATE_OK_0;
09:43:03.300 | [Action]: QUERY_STATE_ATE
09:43:03.302 | [OK]: STATE_ATE_OK_0;
09:43:03.500 | [Action]: QUERY_STATE_ATE
09:43:03.500 | [OK]: STATE_ATE_OK_0;
09:43:03.734 | [Action]: QUERY_STATE_ATE
09:43:03.734 | [OK]: STATE_ATE_OK_0;
09:43:03.937 | [Action]: QUERY_STATE_ATE
09:43:03.953 | [OK]: STATE_ATE_OK_0;
09:43:04.156 | [Action]: QUERY_STATE_ATE
09:43:04.171 | [OK]: STATE_ATE_OK_0;
09:43:04.390 | [Action]: QUERY_STATE_ATE
09:43:04.390 | [OK]: STATE_ATE_OK_0;
09:43:04.611 | [Action]: QUERY_STATE_ATE
09:43:04.617 | [OK]: STATE_ATE_OK_0;
09:43:04.810 | [Action]: QUERY_STATE_ATE
09:43:04.825 | [OK]: STATE_ATE_OK_0;
09:43:05.028 | [Action]: QUERY_STATE_ATE
09:43:05.044 | [OK]: STATE_ATE_OK_0;
09:43:05.246 | [Action]: QUERY_STATE_ATE
09:43:05.262 | [OK]: STATE_ATE_OK_0;
09:43:05.480 | [Action]: QUERY_STATE_ATE
09:43:05.480 | [OK]: STATE_ATE_OK_0;
09:43:05.699 | [Action]: QUERY_STATE_ATE
09:43:05.699 | [OK]: STATE_ATE_OK_0;
09:43:05.917 | [Action]: QUERY_STATE_ATE
09:43:05.917 | [OK]: STATE_ATE_OK_0;
09:43:06.136 | [Action]: QUERY_STATE_ATE
09:43:06.136 | [OK]: STATE_ATE_OK_0;
09:43:06.338 | [Action]: QUERY_STATE_ATE
09:43:06.354 | [OK]: STATE_ATE_OK_0;
09:43:06.557 | [Action]: QUERY_STATE_ATE
09:43:06.572 | [OK]: STATE_ATE_OK_0;
09:43:06.791 | [Action]: QUERY_STATE_ATE
09:43:06.791 | [OK]: STATE_ATE_OK_0;
09:43:07.009 | [Action]: QUERY_STATE_ATE
09:43:07.009 | [OK]: STATE_ATE_OK_0;
09:43:07.228 | [Action]: QUERY_STATE_ATE
09:43:07.228 | [OK]: STATE_ATE_OK_0;
09:43:07.446 | [Action]: QUERY_STATE_ATE
09:43:07.446 | [OK]: STATE_ATE_OK_0;
09:43:07.649 | [Action]: QUERY_STATE_ATE
09:43:07.664 | [OK]: STATE_ATE_OK_0;
09:43:07.867 | [Action]: QUERY_STATE_ATE
09:43:07.883 | [OK]: STATE_ATE_OK_0;
09:43:08.086 | [Action]: QUERY_STATE_ATE
09:43:08.101 | [OK]: STATE_ATE_OK_0;
09:43:08.320 | [Action]: QUERY_STATE_ATE
09:43:08.320 | [OK]: STATE_ATE_OK_0;
09:43:08.538 | [Action]: QUERY_STATE_ATE
09:43:08.538 | [OK]: STATE_ATE_OK_0;
09:43:08.756 | [Action]: QUERY_STATE_ATE
09:43:08.756 | [OK]: STATE_ATE_OK_0;
09:43:08.959 | [Action]: QUERY_STATE_ATE
09:43:08.975 | [OK]: STATE_ATE_OK_0;
09:43:09.178 | [Action]: QUERY_STATE_ATE
09:43:09.193 | [OK]: STATE_ATE_OK_0;
09:43:09.396 | [Action]: QUERY_STATE_ATE
09:43:09.412 | [OK]: STATE_ATE_OK_0;
09:43:09.630 | [Action]: QUERY_STATE_ATE
09:43:09.640 | [OK]: STATE_ATE_OK_0;
09:43:09.851 | [Action]: QUERY_STATE_ATE
09:43:09.857 | [OK]: STATE_ATE_OK_0;
09:43:10.067 | [Action]: QUERY_STATE_ATE
09:43:10.067 | [OK]: STATE_ATE_OK_0;
09:43:10.270 | [Action]: QUERY_STATE_ATE
09:43:10.285 | [OK]: STATE_ATE_OK_0;
09:43:10.488 | [Action]: QUERY_STATE_ATE
09:43:10.504 | [OK]: STATE_ATE_OK_0;
09:43:10.706 | [Action]: QUERY_STATE_ATE
09:43:10.722 | [OK]: STATE_ATE_OK_0;
09:43:10.940 | [Action]: QUERY_STATE_ATE
09:43:10.940 | [OK]: STATE_ATE_OK_0;
09:43:11.159 | [Action]: QUERY_STATE_ATE
09:43:11.159 | [OK]: STATE_ATE_OK_0;
09:43:11.377 | [Action]: QUERY_STATE_ATE
09:43:11.377 | [OK]: STATE_ATE_OK_0;
09:43:11.596 | [Action]: QUERY_STATE_ATE
09:43:11.596 | [OK]: STATE_ATE_OK_0;
09:43:11.798 | [Action]: QUERY_STATE_ATE
09:43:11.814 | [OK]: STATE_ATE_OK_0;
09:43:12.017 | [Action]: QUERY_STATE_ATE
09:43:12.032 | [OK]: STATE_ATE_OK_0;
09:43:12.235 | [Action]: QUERY_STATE_ATE
09:43:12.251 | [OK]: STATE_ATE_OK_0;
09:43:12.469 | [Action]: QUERY_STATE_ATE
09:43:12.469 | [OK]: STATE_ATE_OK_0;
09:43:12.688 | [Action]: QUERY_STATE_ATE
09:43:12.688 | [OK]: STATE_ATE_OK_0;
09:43:12.906 | [Action]: QUERY_STATE_ATE
09:43:12.906 | [OK]: STATE_ATE_OK_0;
09:43:13.109 | [Action]: QUERY_STATE_ATE
09:43:13.124 | [OK]: STATE_ATE_OK_0;
09:43:13.327 | [Action]: QUERY_STATE_ATE
09:43:13.343 | [OK]: STATE_ATE_OK_0;
09:43:13.546 | [Action]: QUERY_STATE_ATE
09:43:13.561 | [OK]: STATE_ATE_OK_0;
09:43:13.780 | [Action]: QUERY_STATE_ATE
09:43:13.780 | [OK]: STATE_ATE_OK_0;
09:43:13.998 | [Action]: QUERY_STATE_ATE
09:43:13.998 | [OK]: STATE_ATE_OK_0;
09:43:14.216 | [Action]: QUERY_STATE_ATE
09:43:14.216 | [OK]: STATE_ATE_OK_0;
09:43:14.435 | [Action]: QUERY_STATE_ATE
09:43:14.435 | [OK]: STATE_ATE_OK_0;
09:43:14.638 | [Action]: QUERY_STATE_ATE
09:43:14.653 | [OK]: STATE_ATE_OK_2;0009255613;yh;0;16;1CB8A71501,1CB8A71502,1CB8A71503,1CB8A71504,1CB8A71505,1CB8A71506,1CB8A71507,1CB8A71508,1CB8A71509,1CB8A71510,1CB8A71511,1CB8A71512,1CB8A71513,1CB8A71514,1CB8A71515,1CB8A71516
09:43:14.684 | [Action]: START_TEST_ATE
09:43:14.684 | [OK]: START_ATE_OK
09:43:24.154 | [Action]: END_TEST_ATE_16;0009255613;0,0,0,0,0,0,0,0,0,0,0,0,0,0,0,0
09:43:24.154 | [OK]: END_ATE_OK
09:43:48.364 | [Action]: QUERY_STATE_ATE
09:43:52.123 | [OK]: STATE_ATE_OK_0;
09:43:52.825 | [Action]: QUERY_STATE_ATEQUERY_STATE_ATEQUERY_STATE_ATEQUERY_STATE_ATEQUERY_STATE_ATEQUERY_STATE_ATEQUERY_STATE_ATEQUERY_STATE_ATEQUERY_STATE_ATEQUERY_STATE_ATEQUERY_STATE_ATEQUERY_STATE_ATE
09:43:56.195 | [OK]: STATION_IS_NOT_EXIST:ATEQUERY
09:43:59.050 | [Action]: QUERY_STATE_ATE
