16:14:33.050 | [Action]: 加载系统配置XML文件.
16:14:33.221 | [Action]: 加载系统运行数据库配置.
16:14:33.799 | [Action]: 加载系统配置INI文件.
16:14:33.799 | [Action]: 加载机种参数配置XML文件.
16:14:33.799 | [Action]: 加载主界面UI状态信息.
16:14:33.799 | [Action]: 系统参数和主界面UI初始化完成.
16:14:53.190 | [Action]: 加载系统配置XML文件.
16:14:53.346 | [Action]: 加载系统运行数据库配置.
16:14:53.876 | [Action]: 压缩数据库【BURNIN.accdb】
16:14:55.015 | [Action]: 加载系统配置INI文件.
16:14:55.015 | [Action]: 加载机种参数配置XML文件.
16:14:55.155 | [Action]: 加载主界面UI状态信息.
16:14:55.530 | [Action]: 系统参数和主界面UI初始化完成.
16:15:09.616 | [OK]: 系统硬件设备开始自检.
16:15:09.694 | [Action]: 【老化位PLC】连接正常
16:15:09.710 | [Action]: 【L3-L4控制板】快充控制板成功打开【L3-L4控制板】[串口COM3]
16:15:09.710 | [Action]: 【L1-L2控制板】快充控制板成功打开【L1-L2控制板】[串口COM2]
16:15:09.710 | [Action]: 【L5-L6控制板】快充控制板成功打开【L5-L6控制板】[串口COM4]
16:15:09.975 | [Action]: <【读卡器】>打开串口[COM1]通信正常
16:15:09.975 | [Action]: 【L7-L8控制板】快充控制板成功打开【L7-L8控制板】[串口COM5]
16:15:10.677 | [Action]: 【L9-L10控制板】快充控制板成功打开【L9-L10控制板】[串口COM6]
16:15:10.974 | [Action]: 【L1-L10 ERS】成功打开串口COM7
16:15:10.974 | [Action]: 连接冠佳WEB【http://192.168.3.130/Service.asmx】OK
16:15:13.610 | [OK]: 系统硬件设备自检结束【PASS】:4.0s
16:15:13.610 | [Action]: PLC监控线程启动
16:15:13.626 | [Action]: 【L1-L2控制板】监控线程启动
16:15:13.641 | [Action]: 【L3-L4控制板】监控线程启动
16:15:13.641 | [Action]: 【L5-L6控制板】监控线程启动
16:15:13.657 | [Action]: 【L7-L8控制板】监控线程启动
16:15:13.657 | [Action]: 【L9-L10控制板】监控线程启动
16:15:13.672 | [Action]: 【L1-L10 ERS】监控线程启动
16:15:13.688 | [Action]: 主监控线程开始
16:15:13.688 | [Action]: 数据监控线程开始
16:15:14.078 | [Action]: <入口读卡平台位>任务开始
16:15:14.078 | [Action]: <入口读卡平台位>老化入口平台治具就绪,获取治具信息.
16:15:16.278 | [OK]: <入口读卡平台位>治具ID1【0001285209】与治具ID2【0009231551】检查正常,准备顶升进机:2198ms
16:15:16.699 | [Action]: <入口读卡平台位>写入治具ID状态OK
16:15:16.699 | [Action]: <入口读卡平台位>任务结束:2.6s
16:15:17.947 | [Action]: <入口顶升平台位>准备进站就绪,等待分配进机位置
16:15:21.441 | [NG]: <老化测试位>" 老化房返板入口顶升气缸报警（靠近Hipot测试端)
16:15:21.472 | [OK]: 上传PLC报警信息到Web服务器:23ms
16:15:24.436 | [NG]: <老化测试位> ON
16:15:24.436 | [OK]: 上传PLC报警信息到Web服务器:6ms
16:15:24.904 | [NG]: 线体PLC设备报警,请检查PLC触摸屏报警信息
16:15:28.290 | [NG]: 线体PLC设备报警,请检查PLC触摸屏报警信息
16:15:28.570 | [Content]: <L9-10-01>设置负载值【49_3】:0.5A
16:15:28.570 | [Content]: <L9-10-02>设置负载值【49_4】:0.5A
16:15:28.586 | [Action]: <L9-10-01>治具ID【0001285209】正在进机
16:15:28.726 | [Action]: <L9-10-02>治具ID【0001285209】正在进机
16:15:32.080 | [NG]: 线体PLC设备报警,请检查PLC触摸屏报警信息
16:15:35.512 | [NG]: 线体PLC设备报警,请检查PLC触摸屏报警信息
16:15:38.929 | [NG]: 线体PLC设备报警,请检查PLC触摸屏报警信息
16:15:41.596 | [NG]: <老化测试位> 上机升降机进治具皮带传动超时报警，请检查IO Y202，点动复位清除
16:15:41.612 | [OK]: 上传PLC报警信息到Web服务器:7ms
16:15:42.283 | [NG]: 主监控线程销毁
16:15:42.330 | [NG]: 数据监控线程销毁
16:15:42.548 | [NG]: PLC监控线程销毁
16:15:42.626 | [NG]: 【L1-L2控制板】监控线程销毁
16:15:42.735 | [NG]: 【L3-L4控制板】监控线程销毁
16:15:42.798 | [NG]: 【L5-L6控制板】监控线程销毁
16:15:42.907 | [NG]: 【L7-L8控制板】监控线程销毁
16:15:42.954 | [NG]: 【L9-L10控制板】监控线程销毁
16:15:43.000 | [NG]: 【L1-L10 ERS】监控线程销毁
16:15:43.000 | [Action]: 【老化位PLC】[192.168.3.101]断开连接
16:15:43.032 | [Action]: <【读卡器】>关闭串口[COM1]
16:15:43.063 | [Action]: 【L1-L2控制板】快充控制板关闭【L1-L2控制板】串口COM2
16:15:43.094 | [Action]: 【L3-L4控制板】快充控制板关闭【L3-L4控制板】串口COM3
16:15:43.110 | [Action]: 【L5-L6控制板】快充控制板关闭【L5-L6控制板】串口COM4
16:15:43.125 | [Action]: 【L7-L8控制板】快充控制板关闭【L7-L8控制板】串口COM5
16:15:43.141 | [Action]: 【L9-L10控制板】快充控制板关闭【L9-L10控制板】串口COM6
16:15:43.156 | [Action]: 【L1-L10 ERS】关闭串口COM7
16:15:53.460 | [OK]: 系统硬件设备开始自检.
16:15:53.491 | [Action]: 【老化位PLC】连接正常
16:15:53.491 | [Action]: 【L1-L2控制板】快充控制板成功打开【L1-L2控制板】[串口COM2]
16:15:53.491 | [Action]: 【L3-L4控制板】快充控制板成功打开【L3-L4控制板】[串口COM3]
16:15:53.522 | [Action]: 【L5-L6控制板】快充控制板成功打开【L5-L6控制板】[串口COM4]
16:15:53.772 | [Action]: <【读卡器】>打开串口[COM1]通信正常
16:15:53.772 | [Action]: 【L7-L8控制板】快充控制板成功打开【L7-L8控制板】[串口COM5]
16:15:54.396 | [Action]: 【L9-L10控制板】快充控制板成功打开【L9-L10控制板】[串口COM6]
16:15:54.739 | [Action]: 【L1-L10 ERS】成功打开串口COM7
16:15:54.786 | [Action]: 连接冠佳WEB【http://192.168.3.130/Service.asmx】OK
16:15:54.879 | [Action]: 连接客户MES服务器正常
16:15:58.264 | [OK]: 系统硬件设备自检结束【PASS】:4.8s
16:15:58.264 | [Action]: PLC监控线程启动
16:15:58.264 | [Action]: 【L1-L2控制板】监控线程启动
16:15:58.280 | [Action]: 【L3-L4控制板】监控线程启动
16:15:58.280 | [Action]: 【L5-L6控制板】监控线程启动
16:15:58.296 | [Action]: 【L7-L8控制板】监控线程启动
16:15:58.296 | [Action]: 【L9-L10控制板】监控线程启动
16:15:58.327 | [Action]: 【L1-L10 ERS】监控线程启动
16:15:58.327 | [Action]: 主监控线程开始
16:15:58.327 | [Action]: 数据监控线程开始
16:15:58.436 | [NG]: 线体PLC自检状态超时,请检查PLC线路是否正常?
16:15:58.795 | [Action]: <入口顶升平台位>准备进站就绪,等待分配进机位置
16:16:01.993 | [NG]: 线体PLC设备报警,请检查PLC触摸屏报警信息
16:16:05.394 | [NG]: 线体PLC设备报警,请检查PLC触摸屏报警信息
16:16:08.685 | [NG]: <L9-10-01>进机超时
16:16:08.794 | [NG]: 线体PLC设备报警,请检查PLC触摸屏报警信息
16:16:08.794 | [NG]: <L9-10-02>进机超时
16:16:12.242 | [NG]: 线体PLC设备报警,请检查PLC触摸屏报警信息
16:16:15.690 | [NG]: 线体PLC设备报警,请检查PLC触摸屏报警信息
16:16:19.113 | [NG]: 线体PLC设备报警,请检查PLC触摸屏报警信息
16:16:22.545 | [NG]: 线体PLC设备报警,请检查PLC触摸屏报警信息
16:16:25.977 | [NG]: 线体PLC设备报警,请检查PLC触摸屏报警信息
16:16:29.425 | [NG]: 线体PLC设备报警,请检查PLC触摸屏报警信息
16:16:32.826 | [NG]: 线体PLC设备报警,请检查PLC触摸屏报警信息
16:16:36.258 | [NG]: 线体PLC设备报警,请检查PLC触摸屏报警信息
16:16:39.862 | [NG]: 线体PLC设备报警,请检查PLC触摸屏报警信息
16:16:43.325 | [NG]: 线体PLC设备报警,请检查PLC触摸屏报警信息
16:16:46.741 | [NG]: 线体PLC设备报警,请检查PLC触摸屏报警信息
16:16:50.158 | [NG]: 线体PLC设备报警,请检查PLC触摸屏报警信息
16:16:53.574 | [NG]: 线体PLC设备报警,请检查PLC触摸屏报警信息
16:16:57.022 | [NG]: 线体PLC设备报警,请检查PLC触摸屏报警信息
16:17:00.438 | [NG]: 线体PLC设备报警,请检查PLC触摸屏报警信息
16:17:03.886 | [NG]: 线体PLC设备报警,请检查PLC触摸屏报警信息
16:17:07.318 | [NG]: 线体PLC设备报警,请检查PLC触摸屏报警信息
16:17:10.750 | [NG]: 线体PLC设备报警,请检查PLC触摸屏报警信息
16:17:14.182 | [NG]: 线体PLC设备报警,请检查PLC触摸屏报警信息
16:17:17.614 | [NG]: 线体PLC设备报警,请检查PLC触摸屏报警信息
16:17:20.999 | [NG]: 线体PLC设备报警,请检查PLC触摸屏报警信息
16:17:24.415 | [NG]: 线体PLC设备报警,请检查PLC触摸屏报警信息
16:17:27.847 | [NG]: 线体PLC设备报警,请检查PLC触摸屏报警信息
16:17:31.310 | [NG]: 线体PLC设备报警,请检查PLC触摸屏报警信息
16:17:34.742 | [NG]: 线体PLC设备报警,请检查PLC触摸屏报警信息
16:17:38.190 | [NG]: 线体PLC设备报警,请检查PLC触摸屏报警信息
16:17:41.622 | [NG]: 线体PLC设备报警,请检查PLC触摸屏报警信息
16:17:45.054 | [NG]: 线体PLC设备报警,请检查PLC触摸屏报警信息
16:17:48.470 | [NG]: 线体PLC设备报警,请检查PLC触摸屏报警信息
16:17:50.264 | [Action]: <老化测试位>解除[ ON]
16:17:50.296 | [OK]: 上传PLC报警信息到Web服务器:23ms
16:17:51.949 | [NG]: 线体PLC设备报警,请检查PLC触摸屏报警信息
16:17:55.381 | [NG]: 线体PLC设备报警,请检查PLC触摸屏报警信息
16:17:58.829 | [NG]: 线体PLC设备报警,请检查PLC触摸屏报警信息
16:18:01.933 | [Action]: <老化测试位>解除[" 老化房返板入口顶升气缸报警（靠近Hipot测试端)]
16:18:01.933 | [OK]: 上传PLC报警信息到Web服务器:6ms
16:18:02.308 | [NG]: 线体PLC设备报警,请检查PLC触摸屏报警信息
16:18:04.991 | [Action]: <老化测试位>解除[ 上机升降机进治具皮带传动超时报警，请检查IO Y202，点动复位清除]
16:18:04.991 | [OK]: 上传PLC报警信息到Web服务器:6ms
16:18:14.600 | [NG]: 数据监控线程销毁
16:18:14.647 | [NG]: 主监控线程销毁
16:18:14.725 | [NG]: PLC监控线程销毁
16:18:14.819 | [NG]: 【L1-L2控制板】监控线程销毁
16:18:14.881 | [NG]: 【L3-L4控制板】监控线程销毁
16:18:14.990 | [NG]: 【L5-L6控制板】监控线程销毁
16:18:15.068 | [NG]: 【L7-L8控制板】监控线程销毁
16:18:15.115 | [NG]: 【L9-L10控制板】监控线程销毁
16:18:15.162 | [NG]: 【L1-L10 ERS】监控线程销毁
16:18:15.178 | [Action]: 【老化位PLC】[192.168.3.101]断开连接
16:18:15.193 | [Action]: <【读卡器】>关闭串口[COM1]
16:18:15.224 | [Action]: 【L1-L2控制板】快充控制板关闭【L1-L2控制板】串口COM2
16:18:15.256 | [Action]: 【L3-L4控制板】快充控制板关闭【L3-L4控制板】串口COM3
16:18:15.271 | [Action]: 【L5-L6控制板】快充控制板关闭【L5-L6控制板】串口COM4
16:18:15.287 | [Action]: 【L7-L8控制板】快充控制板关闭【L7-L8控制板】串口COM5
16:18:15.318 | [Action]: 【L9-L10控制板】快充控制板关闭【L9-L10控制板】串口COM6
16:18:15.334 | [Action]: 【L1-L10 ERS】关闭串口COM7
16:18:16.613 | [OK]: 系统硬件设备开始自检.
16:18:16.644 | [Action]: 【L3-L4控制板】快充控制板成功打开【L3-L4控制板】[串口COM3]
16:18:16.691 | [Action]: 【L1-L2控制板】快充控制板成功打开【L1-L2控制板】[串口COM2]
16:18:16.706 | [Action]: 【老化位PLC】连接正常
16:18:16.738 | [Action]: 【L5-L6控制板】快充控制板成功打开【L5-L6控制板】[串口COM4]
16:18:16.738 | [Action]: 【L7-L8控制板】快充控制板成功打开【L7-L8控制板】[串口COM5]
16:18:16.940 | [Action]: <【读卡器】>打开串口[COM1]通信正常
16:18:16.940 | [Action]: 【L9-L10控制板】快充控制板成功打开【L9-L10控制板】[串口COM6]
16:18:17.486 | [Action]: 【L1-L10 ERS】成功打开串口COM7
16:18:17.939 | [Action]: 连接冠佳WEB【http://192.168.3.130/Service.asmx】OK
16:18:17.954 | [Action]: 连接客户MES服务器正常
16:18:20.419 | [OK]: 系统硬件设备自检结束【PASS】:3.8s
16:18:20.419 | [Action]: PLC监控线程启动
16:18:20.435 | [Action]: 【L1-L2控制板】监控线程启动
16:18:20.450 | [Action]: 【L3-L4控制板】监控线程启动
16:18:20.450 | [Action]: 【L5-L6控制板】监控线程启动
16:18:20.482 | [Action]: 【L7-L8控制板】监控线程启动
16:18:20.482 | [Action]: 【L9-L10控制板】监控线程启动
16:18:20.497 | [Action]: 【L1-L10 ERS】监控线程启动
16:18:20.513 | [Action]: 主监控线程开始
16:18:20.513 | [Action]: 数据监控线程开始
16:18:34.959 | [Action]: <L9-10-01>治具ID【0001285209】进机完毕
16:18:35.037 | [Action]: <L9-10-02>治具ID【0009231551】进机完毕
16:18:35.208 | [Content]: <L9-10-01>设置负载值【49_3】:0.5A
16:18:35.224 | [Action]: <L9-10-01>治具【0001285209】启动老化
16:18:35.411 | [Content]: <L9-10-02>设置负载值【49_4】:0.5A
16:18:35.411 | [Action]: <L9-10-02>治具【0009231551】启动老化
16:18:38.921 | [NG]: <L9-10-01>启动老化超时:自检电压异常
16:18:38.937 | [Content]: <L9-10-01>快充模式【Reserve】;快充电压【5V】;设置负载【5.00A】;当前电流【0.00A】
16:18:38.968 | [Action]: <L9-10-01>治具ID【0001285209】开始老化自检
16:18:39.030 | [Content]: <L9-10-02>快充模式【Reserve】;快充电压【5V】;设置负载【5.00A】;当前电流【0.00A】
16:18:39.046 | [Action]: <L9-10-02>治具ID【0009231551】开始老化自检
16:18:43.320 | [Action]: <L9-10-01>治具ID【0001285209】开始老化
16:18:43.351 | [Content]: <L9-10-01>设置负载值【49_3】:5A
16:18:43.414 | [Action]: <L9-10-02>治具ID【0009231551】开始老化
16:18:43.429 | [Content]: <L9-10-02>设置负载值【49_4】:5A
16:18:49.092 | [Content]: <L9-10-01>设置负载值【49_3】:0.5A
16:18:49.092 | [Action]: <L9-10-01>老化完成
16:18:49.170 | [NG]: <手动强制功能><L9-10-01>设置为【老化完成】
16:18:49.170 | [Content]: <L9-10-02>设置负载值【49_4】:0.5A
16:18:49.170 | [Action]: <L9-10-02>老化完成
16:18:49.248 | [NG]: <手动强制功能><L9-10-02>设置为【老化完成】
16:18:49.295 | [OK]: <L9-10-01>写入治具ID[0001285209]测试结果OK:43ms
16:18:49.420 | [Action]: <L9-10-01>治具ID【0001285209】老化结束,等待出机.
16:18:49.451 | [OK]: <L9-10-02>写入治具ID[0009231551]测试结果OK:26ms
16:18:49.638 | [Action]: <L9-10-02>治具ID【0009231551】老化结束,等待出机.
16:23:31.548 | [Action]: 加载系统配置XML文件.
16:23:31.751 | [Action]: 加载系统运行数据库配置.
16:23:32.344 | [Action]: 压缩数据库【BURNIN.accdb】
16:23:33.701 | [Action]: 加载系统配置INI文件.
16:23:33.701 | [Action]: 加载机种参数配置XML文件.
16:23:33.857 | [Action]: 加载主界面UI状态信息.
16:23:34.294 | [Action]: 系统参数和主界面UI初始化完成.
16:27:04.524 | [Action]: 加载系统配置XML文件.
16:27:04.774 | [Action]: 加载系统运行数据库配置.
16:27:05.320 | [Action]: 压缩数据库【BURNIN.accdb】
16:27:06.724 | [Action]: 加载系统配置INI文件.
16:27:06.724 | [Action]: 加载机种参数配置XML文件.
16:27:06.927 | [Action]: 加载主界面UI状态信息.
16:27:07.301 | [Action]: 系统参数和主界面UI初始化完成.
16:27:08.924 | [OK]: 系统硬件设备开始自检.
16:27:08.970 | [Action]: 【L3-L4控制板】快充控制板成功打开【L3-L4控制板】[串口COM3]
16:27:08.970 | [Action]: 【老化位PLC】连接正常
16:27:08.970 | [Action]: 【L1-L2控制板】快充控制板成功打开【L1-L2控制板】[串口COM2]
16:27:08.970 | [Action]: 【L5-L6控制板】快充控制板成功打开【L5-L6控制板】[串口COM4]
16:27:09.251 | [Action]: <【读卡器】>打开串口[COM1]通信正常
16:27:09.251 | [Action]: 【L7-L8控制板】快充控制板成功打开【L7-L8控制板】[串口COM5]
16:27:10.218 | [Action]: 【L9-L10控制板】快充控制板成功打开【L9-L10控制板】[串口COM6]
16:27:10.218 | [Action]: 【L1-L10 ERS】成功打开串口COM7
16:27:10.234 | [Action]: 连接冠佳WEB【http://192.168.3.130/Service.asmx】OK
16:27:10.312 | [Action]: 连接客户MES服务器正常
16:27:12.839 | [OK]: 系统硬件设备自检结束【PASS】:3.9s
16:27:12.839 | [Action]: PLC监控线程启动
16:27:12.855 | [Action]: 【L1-L2控制板】监控线程启动
16:27:12.855 | [Action]: 【L3-L4控制板】监控线程启动
16:27:12.870 | [Action]: 【L5-L6控制板】监控线程启动
16:27:12.870 | [Action]: 【L7-L8控制板】监控线程启动
16:27:12.870 | [Action]: 【L9-L10控制板】监控线程启动
16:27:12.886 | [Action]: 【L1-L10 ERS】监控线程启动
16:27:12.902 | [Action]: 主监控线程开始
16:27:12.902 | [Action]: 数据监控线程开始
16:27:18.284 | [Action]: <L9-10-01>正在进机
16:27:18.346 | [NG]: <手动强制功能><L9-10-01>设置为【正在进机】
16:27:18.362 | [Action]: <L9-10-02>正在进机
16:27:18.440 | [NG]: <手动强制功能><L9-10-02>设置为【正在进机】
16:27:24.430 | [Content]: <L9-10-01>设置负载值【49_3】:0.5A
16:27:24.430 | [Action]: <L9-10-01>老化完成
16:27:24.492 | [NG]: <手动强制功能><L9-10-01>设置为【老化完成】
16:27:24.508 | [Content]: <L9-10-02>设置负载值【49_4】:0.5A
16:27:24.508 | [Action]: <L9-10-02>老化完成
16:27:24.570 | [NG]: <手动强制功能><L9-10-02>设置为【老化完成】
16:27:28.408 | [OK]: <L9-10-01>写入治具ID[0001285209]测试结果OK:44ms
16:27:28.564 | [Action]: <L9-10-01>治具ID【0001285209】老化结束,等待出机.
16:27:28.595 | [OK]: <L9-10-02>写入治具ID[0009231551]测试结果OK:25ms
16:27:28.736 | [Action]: <L9-10-02>治具ID【0009231551】老化结束,等待出机.
16:32:28.882 | [Action]: 加载系统配置XML文件.
16:32:29.084 | [Action]: 加载系统运行数据库配置.
16:32:29.615 | [Action]: 压缩数据库【BURNIN.accdb】
16:32:31.066 | [Action]: 加载系统配置INI文件.
16:32:31.066 | [Action]: 加载机种参数配置XML文件.
16:32:31.253 | [Action]: 加载主界面UI状态信息.
16:32:31.674 | [Action]: 系统参数和主界面UI初始化完成.
16:32:32.189 | [OK]: 系统硬件设备开始自检.
16:32:32.220 | [Action]: 【老化位PLC】连接正常
16:32:32.220 | [Action]: 【L1-L2控制板】快充控制板成功打开【L1-L2控制板】[串口COM2]
16:32:32.220 | [Action]: 【L3-L4控制板】快充控制板成功打开【L3-L4控制板】[串口COM3]
16:32:32.220 | [Action]: 【L5-L6控制板】快充控制板成功打开【L5-L6控制板】[串口COM4]
16:32:32.485 | [Action]: <【读卡器】>打开串口[COM1]通信正常
16:32:32.485 | [Action]: 【L7-L8控制板】快充控制板成功打开【L7-L8控制板】[串口COM5]
16:32:33.218 | [Action]: 【L9-L10控制板】快充控制板成功打开【L9-L10控制板】[串口COM6]
16:32:33.468 | [Action]: 【L1-L10 ERS】成功打开串口COM7
16:32:33.484 | [Action]: 连接冠佳WEB【http://192.168.3.130/Service.asmx】OK
16:32:33.562 | [Action]: 连接客户MES服务器正常
16:32:36.401 | [OK]: 系统硬件设备自检结束【PASS】:4.2s
16:32:36.401 | [Action]: PLC监控线程启动
16:32:36.416 | [Action]: 【L1-L2控制板】监控线程启动
16:32:36.416 | [Action]: 【L3-L4控制板】监控线程启动
16:32:36.432 | [Action]: 【L5-L6控制板】监控线程启动
16:32:36.432 | [Action]: 【L7-L8控制板】监控线程启动
16:32:36.448 | [Action]: 【L9-L10控制板】监控线程启动
16:32:36.448 | [Action]: 【L1-L10 ERS】监控线程启动
16:32:36.463 | [Action]: 主监控线程开始
16:32:36.463 | [Action]: 数据监控线程开始
16:32:42.485 | [Content]: <L9-10-01>设置负载值【49_3】:0.5A
16:32:42.485 | [Action]: <L9-10-01>老化完成
16:32:42.547 | [NG]: <手动强制功能><L9-10-01>设置为【老化完成】
16:32:42.547 | [Content]: <L9-10-02>设置负载值【49_4】:0.5A
16:32:42.563 | [Action]: <L9-10-02>老化完成
16:32:42.625 | [NG]: <手动强制功能><L9-10-02>设置为【老化完成】
16:32:50.940 | [OK]: <L9-10-01>写入治具ID[0001285209]测试结果OK:37ms
16:32:51.065 | [Action]: <L9-10-01>治具ID【0001285209】老化结束,等待出机.
16:32:51.096 | [OK]: <L9-10-02>写入治具ID[0009231551]测试结果OK:25ms
16:32:51.221 | [Action]: <L9-10-02>治具ID【0009231551】老化结束,等待出机.
16:34:16.738 | [OK]: 治具ID[0001285209-01]条码【XXXXXXXI919C619522TA1000150】上传MES结果【PASS】OK
16:34:19.858 | [OK]: 治具ID[0001285209-02]条码【XXXXXXXI919C619522TA1000260】上传MES结果【PASS】OK
16:34:23.176 | [OK]: 治具ID[0001285209-03]条码【XXXXXXXI919C619522TA1000366】上传MES结果【PASS】OK
16:34:25.937 | [OK]: 治具ID[0001285209-04]条码【XXXXXXXI919C619522TA1000190】上传MES结果【PASS】OK
16:34:25.953 | [OK]: 治具ID[0001285209-09]条码【XXXXXXXI919C619522TA1000035】上传MES结果【PASS】OK
16:34:25.984 | [OK]: 治具ID[0001285209-10]条码【XXXXXXXI919C619522TA1000362】上传MES结果【PASS】OK
16:34:25.999 | [OK]: 治具ID[0001285209-11]条码【XXXXXXXI919C619522TA1000288】上传MES结果【PASS】OK
16:34:26.015 | [OK]: 治具ID[0001285209-12]条码【XXXXXXXI919C619522TA1000139】上传MES结果【PASS】OK
16:34:26.031 | [OK]: 治具ID[0009231551-01]条码【XXXXXXXI919C619522TA1000146】上传MES结果【PASS】OK
16:34:26.046 | [OK]: 治具ID[0009231551-02]条码【XXXXXXXI919C619522TA1000233】上传MES结果【PASS】OK
16:34:26.062 | [OK]: 治具ID[0009231551-03]条码【XXXXXXXI919C619522TA1000235】上传MES结果【PASS】OK
16:34:26.093 | [OK]: 治具ID[0009231551-10]条码【XXXXXXXI919C619522TA1000144】上传MES结果【PASS】OK
16:34:26.109 | [OK]: 治具ID[0009231551-11]条码【XXXXXXXI919C619522TA1000220】上传MES结果【PASS】OK
16:34:26.140 | [OK]: 治具ID[0009231551-12]条码【XXXXXXXI919C619522TA1000198】上传MES结果【PASS】OK
16:34:45.874 | [NG]: 主监控线程销毁
16:34:45.889 | [NG]: 数据监控线程销毁
16:34:46.139 | [NG]: PLC监控线程销毁
16:34:46.233 | [NG]: 【L1-L2控制板】监控线程销毁
16:34:46.295 | [NG]: 【L3-L4控制板】监控线程销毁
16:34:46.404 | [NG]: 【L5-L6控制板】监控线程销毁
16:34:46.467 | [NG]: 【L7-L8控制板】监控线程销毁
16:34:46.576 | [NG]: 【L9-L10控制板】监控线程销毁
16:34:46.654 | [NG]: 【L1-L10 ERS】监控线程销毁
16:34:46.669 | [Action]: 【老化位PLC】[192.168.3.101]断开连接
16:34:46.685 | [Action]: <【读卡器】>关闭串口[COM1]
16:34:46.716 | [Action]: 【L1-L2控制板】快充控制板关闭【L1-L2控制板】串口COM2
16:34:46.732 | [Action]: 【L3-L4控制板】快充控制板关闭【L3-L4控制板】串口COM3
16:34:46.747 | [Action]: 【L5-L6控制板】快充控制板关闭【L5-L6控制板】串口COM4
16:34:46.763 | [Action]: 【L7-L8控制板】快充控制板关闭【L7-L8控制板】串口COM5
16:34:46.779 | [Action]: 【L9-L10控制板】快充控制板关闭【L9-L10控制板】串口COM6
16:34:46.794 | [Action]: 【L1-L10 ERS】关闭串口COM7
